Log file open, 03/02/19 18:37:13
LogWindows: Failed to load 'aqProf.dll' (GetLastError=126)
LogWindows: File 'aqProf.dll' does not exist
LogWindows: Failed to load 'VtuneApi.dll' (GetLastError=126)
LogWindows: File 'VtuneApi.dll' does not exist
LogWindows: Failed to load 'VtuneApi32e.dll' (GetLastError=126)
LogWindows: File 'VtuneApi32e.dll' does not exist
LogInit: Display: Running engine for game: vista_mountains_01
LogPlatformFile: Not using cached read wrapper
LogInit: Display: RandInit(-1651350484) SRandInit(-1651350484).
LogInit: Read version file with build ID '3944462'
LogInit: Overriding engine version to CL 4033788, compatible CL 3944462
LogInit: Registered custom module enumerator with build ID '3944462'
LogTaskGraph: Started task graph with 5 named threads and 23 total threads with 3 sets of task threads.
LogStats: Stats thread started at 0.284118
LogD3D11RHI: Aftermath initialized
LogICUInternationalization: Display: ICU TimeZone Detection - Raw Offset: -5:00, Platform Override: ''
LogModuleManager: Display: Found up-to-date module file ../../../Engine/Plugins/2D/Paper2D/Binaries/Win64/UE4Editor-Paper2D.dll (API version 3944462).
LogModuleManager: Display: Found up-to-date module file ../../../Engine/Plugins/2D/Paper2D/Binaries/Win64/UE4Editor-Paper2DEditor.dll (API version 3944462).
LogModuleManager: Display: Found up-to-date module file ../../../Engine/Plugins/2D/Paper2D/Binaries/Win64/UE4Editor-PaperSpriteSheetImporter.dll (API version 3944462).
LogModuleManager: Display: Found up-to-date module file ../../../Engine/Plugins/2D/Paper2D/Binaries/Win64/UE4Editor-PaperTiledImporter.dll (API version 3944462).
LogModuleManager: Display: Found up-to-date module file ../../../Engine/Plugins/2D/Paper2D/Binaries/Win64/UE4Editor-SmartSnapping.dll (API version 3944462).
LogModuleManager: Display: Found up-to-date module file ../../../Engine/Plugins/Blendables/LightPropagationVolume/Binaries/Win64/UE4Editor-LightPropagationVolumeRuntime.dll (API version 3944462).
LogModuleManager: Display: Found up-to-date module file ../../../Engine/Plugins/Blendables/LightPropagationVolume/Binaries/Win64/UE4Editor-LightPropagationVolumeEditor.dll (API version 3944462).
LogModuleManager: Display: Found up-to-date module file ../../../Engine/Plugins/Developer/CLionSourceCodeAccess/Binaries/Win64/UE4Editor-CLionSourceCodeAccess.dll (API version 3944462).
LogModuleManager: Display: Found up-to-date module file ../../../Engine/Plugins/Developer/GitSourceControl/Binaries/Win64/UE4Editor-GitSourceControl.dll (API version 3944462).
LogModuleManager: Display: Found up-to-date module file ../../../Engine/Plugins/Developer/PerforceSourceControl/Binaries/Win64/UE4Editor-PerforceSourceControl.dll (API version 3944462).
LogModuleManager: Display: Found up-to-date module file ../../../Engine/Plugins/Developer/SubversionSourceControl/Binaries/Win64/UE4Editor-SubversionSourceControl.dll (API version 3944462).
LogModuleManager: Display: Found up-to-date module file ../../../Engine/Plugins/Developer/UObjectPlugin/Binaries/Win64/UE4Editor-UObjectPlugin.dll (API version 3944462).
LogModuleManager: Display: Found up-to-date module file ../../../Engine/Plugins/Developer/VisualStudioCodeSourceCodeAccess/Binaries/Win64/UE4Editor-VisualStudioCodeSourceCodeAccess.dll (API version 3944462).
LogModuleManager: Display: Found up-to-date module file ../../../Engine/Plugins/Developer/VisualStudioSourceCodeAccess/Binaries/Win64/UE4Editor-VisualStudioSourceCodeAccess.dll (API version 3944462).
LogModuleManager: Display: Found up-to-date module file ../../../Engine/Plugins/Editor/AssetManagerEditor/Binaries/Win64/UE4Editor-AssetManagerEditor.dll (API version 3944462).
LogModuleManager: Display: Found up-to-date module file ../../../Engine/Plugins/Editor/CryptoKeys/Binaries/Win64/UE4Editor-CryptoKeys.dll (API version 3944462).
LogModuleManager: Display: Found up-to-date module file ../../../Engine/Plugins/Editor/CryptoKeys/Binaries/Win64/UE4Editor-CryptoKeysOpenSSL.dll (API version 3944462).
LogModuleManager: Display: Found up-to-date module file ../../../Engine/Plugins/Editor/DataValidation/Binaries/Win64/UE4Editor-DataValidation.dll (API version 3944462).
LogModuleManager: Display: Found up-to-date module file ../../../Engine/Plugins/Editor/FacialAnimation/Binaries/Win64/UE4Editor-FacialAnimation.dll (API version 3944462).
LogModuleManager: Display: Found up-to-date module file ../../../Engine/Plugins/Editor/FacialAnimation/Binaries/Win64/UE4Editor-FacialAnimationEditor.dll (API version 3944462).
LogModuleManager: Display: Found up-to-date module file ../../../Engine/Plugins/Editor/GameplayTagsEditor/Binaries/Win64/UE4Editor-GameplayTagsEditor.dll (API version 3944462).
LogModuleManager: Display: Found up-to-date module file ../../../Engine/Plugins/Editor/MobileLauncherProfileWizard/Binaries/Win64/UE4Editor-MobileLauncherProfileWizard.dll (API version 3944462).
LogModuleManager: Display: Found up-to-date module file ../../../Engine/Plugins/Editor/PluginBrowser/Binaries/Win64/UE4Editor-PluginBrowser.dll (API version 3944462).
LogModuleManager: Display: Found up-to-date module file ../../../Engine/Plugins/Editor/SpeedTreeImporter/Binaries/Win64/UE4Editor-SpeedTreeImporter.dll (API version 3944462).
LogModuleManager: Display: Found up-to-date module file ../../../Engine/Plugins/Enterprise/DatasmithContent/Binaries/Win64/UE4Editor-DatasmithContent.dll (API version 3944462).
LogModuleManager: Display: Found up-to-date module file ../../../Engine/Plugins/Experimental/AlembicImporter/Binaries/Win64/UE4Editor-AlembicImporter.dll (API version 3944462).
LogModuleManager: Display: Found up-to-date module file ../../../Engine/Plugins/Experimental/AlembicImporter/Binaries/Win64/UE4Editor-AlembicLibrary.dll (API version 3944462).
LogModuleManager: Display: Found up-to-date module file ../../../Engine/Plugins/Experimental/CharacterAI/Binaries/Win64/UE4Editor-CharacterAI.dll (API version 3944462).
LogModuleManager: Display: Found up-to-date module file ../../../Engine/Plugins/Experimental/HTML5Networking/Binaries/Win64/UE4Editor-HTML5Networking.dll (API version 3944462).
LogModuleManager: Display: Found up-to-date module file ../../../Engine/Plugins/Media/AndroidMedia/Binaries/Win64/UE4Editor-AndroidMediaEditor.dll (API version 3944462).
LogModuleManager: Display: Found up-to-date module file ../../../Engine/Plugins/Media/AndroidMedia/Binaries/Win64/UE4Editor-AndroidMediaFactory.dll (API version 3944462).
LogModuleManager: Display: Found up-to-date module file ../../../Engine/Plugins/Media/AvfMedia/Binaries/Win64/UE4Editor-AvfMediaEditor.dll (API version 3944462).
LogModuleManager: Display: Found up-to-date module file ../../../Engine/Plugins/Media/AvfMedia/Binaries/Win64/UE4Editor-AvfMediaFactory.dll (API version 3944462).
LogModuleManager: Display: Found up-to-date module file ../../../Engine/Plugins/Media/AvfMedia/Binaries/Win64/UE4Editor-AvfMediaFactory.dll (API version 3944462).
LogModuleManager: Display: Found up-to-date module file ../../../Engine/Plugins/Media/ImgMedia/Binaries/Win64/UE4Editor-ImgMedia.dll (API version 3944462).
LogModuleManager: Display: Found up-to-date module file ../../../Engine/Plugins/Media/ImgMedia/Binaries/Win64/UE4Editor-ImgMediaEditor.dll (API version 3944462).
LogModuleManager: Display: Found up-to-date module file ../../../Engine/Plugins/Media/ImgMedia/Binaries/Win64/UE4Editor-ImgMediaFactory.dll (API version 3944462).
LogModuleManager: Display: Found up-to-date module file ../../../Engine/Plugins/Media/ImgMedia/Binaries/Win64/UE4Editor-ImgMediaFactory.dll (API version 3944462).
LogModuleManager: Display: Found up-to-date module file ../../../Engine/Plugins/Media/ImgMedia/Binaries/Win64/UE4Editor-OpenExrWrapper.dll (API version 3944462).
LogModuleManager: Display: Found up-to-date module file ../../../Engine/Plugins/Media/LinearTimecode/Binaries/Win64/UE4Editor-LinearTimecode.dll (API version 3944462).
LogModuleManager: Display: Found up-to-date module file ../../../Engine/Plugins/Media/MediaCompositing/Binaries/Win64/UE4Editor-MediaCompositing.dll (API version 3944462).
LogModuleManager: Display: Found up-to-date module file ../../../Engine/Plugins/Media/MediaCompositing/Binaries/Win64/UE4Editor-MediaCompositingEditor.dll (API version 3944462).
LogModuleManager: Display: Found up-to-date module file ../../../Engine/Plugins/Media/MediaPlayerEditor/Binaries/Win64/UE4Editor-MediaPlayerEditor.dll (API version 3944462).
LogModuleManager: Display: Found up-to-date module file ../../../Engine/Plugins/Media/WmfMedia/Binaries/Win64/UE4Editor-WmfMedia.dll (API version 3944462).
LogModuleManager: Display: Found up-to-date module file ../../../Engine/Plugins/Media/WmfMedia/Binaries/Win64/UE4Editor-WmfMediaEditor.dll (API version 3944462).
LogModuleManager: Display: Found up-to-date module file ../../../Engine/Plugins/Media/WmfMedia/Binaries/Win64/UE4Editor-WmfMediaFactory.dll (API version 3944462).
LogModuleManager: Display: Found up-to-date module file ../../../Engine/Plugins/Media/WmfMedia/Binaries/Win64/UE4Editor-WmfMediaFactory.dll (API version 3944462).
LogModuleManager: Display: Found up-to-date module file ../../../Engine/Plugins/Messaging/TcpMessaging/Binaries/Win64/UE4Editor-TcpMessaging.dll (API version 3944462).
LogModuleManager: Display: Found up-to-date module file ../../../Engine/Plugins/Messaging/UdpMessaging/Binaries/Win64/UE4Editor-UdpMessaging.dll (API version 3944462).
LogModuleManager: Display: Found up-to-date module file ../../../Engine/Plugins/MovieScene/ActorSequence/Binaries/Win64/UE4Editor-ActorSequence.dll (API version 3944462).
LogModuleManager: Display: Found up-to-date module file ../../../Engine/Plugins/MovieScene/LevelSequenceEditor/Binaries/Win64/UE4Editor-LevelSequenceEditor.dll (API version 3944462).
LogModuleManager: Display: Found up-to-date module file ../../../Engine/Plugins/MovieScene/MatineeToLevelSequence/Binaries/Win64/UE4Editor-MatineeToLevelSequence.dll (API version 3944462).
LogModuleManager: Display: Found up-to-date module file ../../../Engine/Plugins/NetcodeUnitTest/NetcodeUnitTest/Binaries/Win64/UE4Editor-NetcodeUnitTest.dll (API version 3944462).
LogModuleManager: Display: Found up-to-date module file ../../../Engine/Plugins/NetcodeUnitTest/NUTUnrealEngine4/Binaries/Win64/UE4Editor-NUTUnrealEngine4.dll (API version 3944462).
LogModuleManager: Display: Found up-to-date module file ../../../Engine/Plugins/Online/OnlineSubsystem/Binaries/Win64/UE4Editor-OnlineSubsystem.dll (API version 3944462).
LogModuleManager: Display: Found up-to-date module file ../../../Engine/Plugins/Runtime/AndroidPermission/Binaries/Win64/UE4Editor-AndroidPermission.dll (API version 3944462).
LogModuleManager: Display: Found up-to-date module file ../../../Engine/Plugins/Online/OnlineSubsystemNull/Binaries/Win64/UE4Editor-OnlineSubsystemNull.dll (API version 3944462).
LogModuleManager: Display: Found up-to-date module file ../../../Engine/Plugins/Online/OnlineSubsystemUtils/Binaries/Win64/UE4Editor-OnlineSubsystemUtils.dll (API version 3944462).
LogModuleManager: Display: Found up-to-date module file ../../../Engine/Plugins/Online/OnlineSubsystemUtils/Binaries/Win64/UE4Editor-OnlineBlueprintSupport.dll (API version 3944462).
LogModuleManager: Display: Found up-to-date module file ../../../Engine/Plugins/Runtime/AndroidDeviceProfileSelector/Binaries/Win64/UE4Editor-AndroidDeviceProfileSelector.dll (API version 3944462).
LogModuleManager: Display: Found up-to-date module file ../../../Engine/Plugins/Runtime/AppleARKit/Binaries/Win64/UE4Editor-AppleARKit.dll (API version 3944462).
LogModuleManager: Display: Found up-to-date module file ../../../Engine/Plugins/Runtime/ProceduralMeshComponent/Binaries/Win64/UE4Editor-ProceduralMeshComponent.dll (API version 3944462).
LogModuleManager: Display: Found up-to-date module file ../../../Engine/Plugins/Runtime/ProceduralMeshComponent/Binaries/Win64/UE4Editor-ProceduralMeshComponentEditor.dll (API version 3944462).
LogModuleManager: Display: Found up-to-date module file ../../../Engine/Plugins/Animation/LiveLink/Binaries/Win64/UE4Editor-LiveLink.dll (API version 3944462).
LogModuleManager: Display: Found up-to-date module file ../../../Engine/Plugins/Animation/LiveLink/Binaries/Win64/UE4Editor-LiveLinkEditor.dll (API version 3944462).
LogModuleManager: Display: Found up-to-date module file ../../../Engine/Plugins/Runtime/ArchVisCharacter/Binaries/Win64/UE4Editor-ArchVisCharacter.dll (API version 3944462).
LogModuleManager: Display: Found up-to-date module file ../../../Engine/Plugins/Runtime/AudioCapture/Binaries/Win64/UE4Editor-AudioCapture.dll (API version 3944462).
LogModuleManager: Display: Found up-to-date module file ../../../Engine/Plugins/Runtime/AudioCapture/Binaries/Win64/UE4Editor-AudioCaptureEditor.dll (API version 3944462).
LogModuleManager: Display: Found up-to-date module file ../../../Engine/Plugins/Runtime/CableComponent/Binaries/Win64/UE4Editor-CableComponent.dll (API version 3944462).
LogModuleManager: Display: Found up-to-date module file ../../../Engine/Plugins/Runtime/CustomMeshComponent/Binaries/Win64/UE4Editor-CustomMeshComponent.dll (API version 3944462).
LogModuleManager: Display: Found up-to-date module file ../../../Engine/Plugins/Runtime/ExampleDeviceProfileSelector/Binaries/Win64/UE4Editor-ExampleDeviceProfileSelector.dll (API version 3944462).
LogModuleManager: Display: Found up-to-date module file ../../../Engine/Plugins/Runtime/ImmediatePhysics/Binaries/Win64/UE4Editor-ImmediatePhysics.dll (API version 3944462).
LogModuleManager: Display: Found up-to-date module file ../../../Engine/Plugins/Runtime/ImmediatePhysics/Binaries/Win64/UE4Editor-ImmediatePhysicsEditor.dll (API version 3944462).
LogModuleManager: Display: Found up-to-date module file ../../../Engine/Plugins/Runtime/LocationServicesBPLibrary/Binaries/Win64/UE4Editor-LocationServicesBPLibrary.dll (API version 3944462).
LogModuleManager: Display: Found up-to-date module file ../../../Engine/Plugins/Runtime/MobilePatchingUtils/Binaries/Win64/UE4Editor-MobilePatchingUtils.dll (API version 3944462).
LogModuleManager: Display: Found up-to-date module file ../../../Engine/Plugins/Runtime/Oculus/OculusVR/Binaries/Win64/UE4Editor-OculusHMD.dll (API version 3944462).
LogModuleManager: Display: Found up-to-date module file ../../../Engine/Plugins/Runtime/Oculus/OculusVR/Binaries/Win64/UE4Editor-OculusInput.dll (API version 3944462).
LogModuleManager: Display: Found up-to-date module file ../../../Engine/Plugins/Runtime/Oculus/OculusVR/Binaries/Win64/UE4Editor-OculusEditor.dll (API version 3944462).
LogModuleManager: Display: Found up-to-date module file ../../../Engine/Plugins/Runtime/PhysXVehicles/Binaries/Win64/UE4Editor-PhysXVehicles.dll (API version 3944462).
LogModuleManager: Display: Found up-to-date module file ../../../Engine/Plugins/Runtime/PhysXVehicles/Binaries/Win64/UE4Editor-PhysXVehiclesEditor.dll (API version 3944462).
LogModuleManager: Display: Found up-to-date module file ../../../Engine/Plugins/Runtime/RuntimePhysXCooking/Binaries/Win64/UE4Editor-RuntimePhysXCooking.dll (API version 3944462).
LogModuleManager: Display: Found up-to-date module file ../../../Engine/Plugins/Runtime/Steam/SteamVR/Binaries/Win64/UE4Editor-SteamVR.dll (API version 3944462).
LogModuleManager: Display: Found up-to-date module file ../../../Engine/Plugins/Runtime/Steam/SteamVR/Binaries/Win64/UE4Editor-SteamVRController.dll (API version 3944462).
LogModuleManager: Display: Found up-to-date module file ../../../Engine/Plugins/Runtime/WindowsMoviePlayer/Binaries/Win64/UE4Editor-WindowsMoviePlayer.dll (API version 3944462).
LogPluginManager: Mounting plugin Paper2D
LogPluginManager: Mounting plugin LiveLink
LogPluginManager: Mounting plugin LightPropagationVolume
LogPluginManager: Mounting plugin CLionSourceCodeAccess
LogPluginManager: Mounting plugin CodeLiteSourceCodeAccess
LogPluginManager: Mounting plugin GitSourceControl
LogPluginManager: Mounting plugin KDevelopSourceCodeAccess
LogPluginManager: Mounting plugin NullSourceCodeAccess
LogPluginManager: Mounting plugin PerforceSourceControl
LogPluginManager: Mounting plugin SubversionSourceControl
LogPluginManager: Mounting plugin UObjectPlugin
LogPluginManager: Mounting plugin VisualStudioCodeSourceCodeAccess
LogPluginManager: Mounting plugin VisualStudioSourceCodeAccess
LogPluginManager: Mounting plugin XCodeSourceCodeAccess
LogPluginManager: Mounting plugin AssetManagerEditor
LogPluginManager: Mounting plugin CryptoKeys
LogPluginManager: Mounting plugin DataValidation
LogPluginManager: Mounting plugin FacialAnimation
LogPluginManager: Mounting plugin GameplayTagsEditor
LogPluginManager: Mounting plugin MobileLauncherProfileWizard
LogPluginManager: Mounting plugin PluginBrowser
LogPluginManager: Mounting plugin SpeedTreeImporter
LogPluginManager: Mounting plugin DatasmithContent
LogPluginManager: Mounting plugin AlembicImporter
LogPluginManager: Mounting plugin CharacterAI
LogPluginManager: Mounting plugin HTML5Networking
LogPluginManager: Mounting plugin AndroidMedia
LogPluginManager: Mounting plugin AvfMedia
LogPluginManager: Mounting plugin ImgMedia
LogPluginManager: Mounting plugin LinearTimecode
LogPluginManager: Mounting plugin MediaCompositing
LogPluginManager: Mounting plugin MediaPlayerEditor
LogPluginManager: Mounting plugin WmfMedia
LogPluginManager: Mounting plugin TcpMessaging
LogPluginManager: Mounting plugin UdpMessaging
LogPluginManager: Mounting plugin ActorSequence
LogPluginManager: Mounting plugin LevelSequenceEditor
LogPluginManager: Mounting plugin MatineeToLevelSequence
LogPluginManager: Mounting plugin NetcodeUnitTest
LogPluginManager: Mounting plugin NUTUnrealEngine4
LogPluginManager: Mounting plugin OnlineSubsystemGooglePlay
LogPluginManager: Mounting plugin OnlineSubsystemIOS
LogPluginManager: Mounting plugin OnlineSubsystem
LogPluginManager: Mounting plugin OnlineSubsystemNull
LogPluginManager: Mounting plugin OnlineSubsystemUtils
LogPluginManager: Mounting plugin AndroidDeviceProfileSelector
LogPluginManager: Mounting plugin AndroidMoviePlayer
LogPluginManager: Mounting plugin AndroidPermission
LogPluginManager: Mounting plugin AppleARKit
LogPluginManager: Mounting plugin AppleMoviePlayer
LogPluginManager: Mounting plugin ArchVisCharacter
LogPluginManager: Mounting plugin AudioCapture
LogPluginManager: Mounting plugin CableComponent
LogPluginManager: Mounting plugin CustomMeshComponent
LogPluginManager: Mounting plugin ExampleDeviceProfileSelector
LogPluginManager: Mounting plugin GoogleCloudMessaging
LogPluginManager: Mounting plugin ImmediatePhysics
LogPluginManager: Mounting plugin IOSDeviceProfileSelector
LogPluginManager: Mounting plugin LinuxDeviceProfileSelector
LogPluginManager: Mounting plugin LocationServicesBPLibrary
LogPluginManager: Mounting plugin MobilePatchingUtils
LogPluginManager: Mounting plugin OculusVR
LogPluginManager: Plugin shader directory ../../../Engine/Plugins/Runtime/Oculus/OculusVR/Shaders found
LogPluginManager: Mapping shader source directory ../../../Engine/Plugins/Runtime/Oculus/OculusVR/Shaders to virtual directory /Plugin/OculusVR
LogPluginManager: Mounting plugin PhysXVehicles
LogPluginManager: Mounting plugin ProceduralMeshComponent
LogPluginManager: Mounting plugin RuntimePhysXCooking
LogPluginManager: Mounting plugin SteamVR
LogPluginManager: Mounting plugin WindowsMoviePlayer
LogStreaming: Display: Took  1.779s to configure plugins.
LogInit: Using libcurl 7.47.1
LogInit:  - built for x86_64-pc-win32
LogInit:  - supports SSL with OpenSSL/1.0.2g
LogInit:  - supports HTTP deflate (compression) using libz 1.2.8
LogInit:  - other features:
LogInit:      CURL_VERSION_SSL
LogInit:      CURL_VERSION_LIBZ
LogInit:      CURL_VERSION_IPV6
LogInit:      CURL_VERSION_ASYNCHDNS
LogInit:      CURL_VERSION_LARGEFILE
LogInit:      CURL_VERSION_IDN
LogInit:  CurlRequestOptions (configurable via config and command line):
LogInit:  - bVerifyPeer = false  - Libcurl will NOT verify peer certificate
LogInit:  - bUseHttpProxy = false  - Libcurl will NOT use HTTP proxy
LogInit:  - bDontReuseConnections = false  - Libcurl will reuse connections
LogInit:  - CertBundlePath = nullptr  - Libcurl will use whatever was configured at build time.
LogInit:  - MaxHostConnections = 16  - Libcurl will limit the number of connections to a host
LogInit:  - LocalHostAddr = Default
LogInit: WinSock: version 1.1 (2.2), MaxSocks=32767, MaxUdp=65467
LogInit: WinSock: I am DESKTOP-KNGLPJ6 (192.168.2.17:0)
LogInit: Build: ++UE4+Release-4.19-CL-4033788
LogInit: Engine Version: 4.19.2-4033788+++UE4+Release-4.19
LogInit: Compatible Engine Version: 4.19.0-3944462+++UE4+Release-4.19
LogInit: Net CL: 3944462
LogDevObjectVersion: Number of dev versions registered: 18
LogDevObjectVersion:   Dev-Blueprints (B0D832E4-1F89-4F0D-ACCF-7EB736FD4AA2): 10
LogDevObjectVersion:   Dev-Build (E1C64328-A22C-4D53-A36C-8E866417BD8C): 0
LogDevObjectVersion:   Dev-Core (375EC13C-06E4-48FB-B500-84F0262A717E): 2
LogDevObjectVersion:   Dev-Editor (E4B068ED-F494-42E9-A231-DA0B2E46BB41): 23
LogDevObjectVersion:   Dev-Framework (CFFC743F-43B0-4480-9391-14DF171D2073): 33
LogDevObjectVersion:   Dev-Mobile (B02B49B5-BB20-44E9-A304-32B752E40360): 2
LogDevObjectVersion:   Dev-Networking (A4E4105C-59A1-49B5-A7C5-40C4547EDFEE): 0
LogDevObjectVersion:   Dev-Online (39C831C9-5AE6-47DC-9A44-9C173E1C8E7C): 0
LogDevObjectVersion:   Dev-Physics (78F01B33-EBEA-4F98-B9B4-84EACCB95AA2): 0
LogDevObjectVersion:   Dev-Platform (6631380F-2D4D-43E0-8009-CF276956A95A): 0
LogDevObjectVersion:   Dev-Rendering (12F88B9F-8875-4AFC-A67C-D90C383ABD29): 25
LogDevObjectVersion:   Dev-Sequencer (7B5AE74C-D270-4C10-A958-57980B212A5A): 6
LogDevObjectVersion:   Dev-VR (D7296918-1DD6-4BDD-9DE2-64A83CC13884): 1
LogDevObjectVersion:   Dev-LoadTimes (C2A15278-BFE7-4AFE-6C17-90FF531DF755): 1
LogDevObjectVersion:   Private-Geometry (6EACA3D4-40EC-4CC1-B786-8BED09428FC5): 2
LogDevObjectVersion:   Dev-AnimPhys (29E575DD-E0A3-4627-9D10-D276232CDCEA): 16
LogDevObjectVersion:   Dev-ReflectionCapture (6B266CEC-1EC7-4B8F-A30B-E4D90942FC07): 1
LogDevObjectVersion:   Dev-Automation (0DF73D61-A23F-47EA-B727-89E90C41499A): 1
LogInit: Compiled (64-bit): Apr 27 2018 02:06:57
LogInit: Compiled with Visual C++: 19.00.24215.01
LogInit: Build Configuration: Development
LogInit: Branch Name: ++UE4+Release-4.19
LogInit: Command Line: -EpicPortal  -epicusername="lincolnhughes" -epicuserid=6f8d2e631bfc46e099296923019451d9 -epiclocale=en-US
LogInit: Base Directory: C:/Program Files/Epic Games/UE_4.19/Engine/Binaries/Win64/
LogInit: Installed Engine Build: 1
LogStreaming: Display: Took  0.000s to delete old logs.
LogInit: Presizing for max 8388607 objects, including 0 objects not considered by GC, pre-allocating 0 bytes for permanent pool.
LogInit: Object subsystem initialized
[2019.03.02-23.37.15:367][  0]LogInit: Selected Device Profile: [Windows]
[2019.03.02-23.37.15:367][  0]LogInit: Applying CVar settings loaded from the selected device profile: [Windows]
[2019.03.02-23.37.15:376][  0]LogInit: Computer: DESKTOP-KNGLPJ6
[2019.03.02-23.37.15:376][  0]LogInit: User: linco
[2019.03.02-23.37.15:376][  0]LogInit: CPU Page size=4096, Cores=4
[2019.03.02-23.37.15:376][  0]LogInit: High frequency timer resolution =3.328124 MHz
[2019.03.02-23.37.15:376][  0]LogMemory: Memory total: Physical=15.9GB (16GB approx)
[2019.03.02-23.37.15:376][  0]LogMemory: Platform Memory Stats for Windows
[2019.03.02-23.37.15:376][  0]LogMemory: Process Physical Memory: 274.78 MB used, 274.78 MB peak
[2019.03.02-23.37.15:376][  0]LogMemory: Process Virtual Memory: 264.79 MB used, 264.79 MB peak
[2019.03.02-23.37.15:376][  0]LogMemory: Physical Memory: 5588.49 MB used,  10724.64 MB free, 16313.14 MB total
[2019.03.02-23.37.15:376][  0]LogMemory: Virtual Memory: 4781.36 MB used,  10724.64 MB free, 134217728.00 MB total
[2019.03.02-23.37.15:400][  0]LogInit: Using OS detected language (en-US).
[2019.03.02-23.37.15:400][  0]LogInit: Using OS detected locale (en-CA).
[2019.03.02-23.37.15:404][  0]LogTextLocalizationManager: No specific localization for 'en-US' exists, so the 'en' localization will be used.
[2019.03.02-23.37.15:794][  0]LogStreaming: Display: Took  0.394s to EndInitTextLocalization.
[2019.03.02-23.37.15:794][  0]LogInit: Setting process to per monitor DPI aware
[2019.03.02-23.37.15:850][  0]LogSlate: New Slate User Created.  User Index 0, Is Virtual User: 0
[2019.03.02-23.37.15:850][  0]LogSlate: Slate User Registered.  User Index 0, Is Virtual User: 0
[2019.03.02-23.37.16:123][  0]LogD3D11RHI: D3D11 adapters:
[2019.03.02-23.37.16:194][  0]LogD3D11RHI:    0. 'NVIDIA GeForce GTX 1070' (Feature Level 11_0)
[2019.03.02-23.37.16:194][  0]LogD3D11RHI:       8088/0/8156 MB DedicatedVideo/DedicatedSystem/SharedSystem, Outputs:2, VendorId:0x10de
[2019.03.02-23.37.16:197][  0]LogD3D11RHI:    1. 'Microsoft Basic Render Driver' (Feature Level 11_0)
[2019.03.02-23.37.16:197][  0]LogD3D11RHI:       0/0/8156 MB DedicatedVideo/DedicatedSystem/SharedSystem, Outputs:0, VendorId:0x1414
[2019.03.02-23.37.16:197][  0]LogD3D11RHI: Chosen D3D11 Adapter: 0
[2019.03.02-23.37.16:207][  0]LogD3D11RHI: Creating new Direct3DDevice
[2019.03.02-23.37.16:207][  0]LogD3D11RHI:     GPU DeviceId: 0x1b81 (for the marketing name, search the web for "GPU Device Id")
[2019.03.02-23.37.16:207][  0]LogWindows: EnumDisplayDevices:
[2019.03.02-23.37.16:207][  0]LogWindows:    0. 'NVIDIA GeForce GTX 1070' (P:1 D:1)
[2019.03.02-23.37.16:207][  0]LogWindows:    1. 'NVIDIA GeForce GTX 1070' (P:0 D:1)
[2019.03.02-23.37.16:207][  0]LogWindows:    2. 'NVIDIA GeForce GTX 1070' (P:0 D:0)
[2019.03.02-23.37.16:208][  0]LogWindows:    3. 'NVIDIA GeForce GTX 1070' (P:0 D:0)
[2019.03.02-23.37.16:208][  0]LogWindows: DebugString: GetVideoDriverDetailsInvalid PrimaryIsNotTheChoosenAdapter GetVideoDriverDetailsInvalid PrimaryIsNotTheChoosenAdapter GetVideoDriverDetailsInvalid PrimaryIsNotTheChoosenAdapter GetVideoDriverDetailsInvalid PrimaryIsNotTheChoosenAdapter FoundDriverCount:0 
[2019.03.02-23.37.16:208][  0]LogD3D11RHI:     Adapter Name: NVIDIA GeForce GTX 1070
[2019.03.02-23.37.16:208][  0]LogD3D11RHI:   Driver Version: Unknown (internal:Unknown, unified:Unknown)
[2019.03.02-23.37.16:208][  0]LogD3D11RHI:      Driver Date: Unknown
[2019.03.02-23.37.16:208][  0]LogRHI: Texture pool is 5661 MB (70% of 8088 MB)
[2019.03.02-23.37.16:250][  0]LogD3D11RHI: [Aftermath] Aftermath enabled and primed
[2019.03.02-23.37.16:250][  0]LogD3D11RHI: [Aftermath] Aftermath enabled and primed
[2019.03.02-23.37.16:250][  0]LogD3D11RHI: Async texture creation enabled
[2019.03.02-23.37.16:269][  0]LogD3D11RHI: GPU Timing Frequency: 1000.000000 (Debug: 2 2)
[2019.03.02-23.37.16:367][  0]LogShaderCompilers: Guid format shader working directory is -29 characters bigger than the processId version (../../../../../../Users/linco/Documents/Unreal Projects/vista_mountains_01/Intermediate/Shaders/WorkingDirectory/17056/).
[2019.03.02-23.37.16:367][  0]LogShaderCompilers: Cleaned the shader compiler working directory 'C:/Users/linco/AppData/Local/Temp/UnrealShaderWorkingDir/E23431F34933957CC41526ACBEE42062/'.
[2019.03.02-23.37.16:619][  0]LogTemp: Display: Loaded TP AllDesktopTargetPlatform
[2019.03.02-23.37.16:633][  0]LogTemp: Display: Loaded TP MacClientTargetPlatform
[2019.03.02-23.37.16:647][  0]LogTemp: Display: Loaded TP MacNoEditorTargetPlatform
[2019.03.02-23.37.16:659][  0]LogTemp: Display: Loaded TP MacServerTargetPlatform
[2019.03.02-23.37.16:673][  0]LogTemp: Display: Loaded TP MacTargetPlatform
[2019.03.02-23.37.16:686][  0]LogTemp: Display: Loaded TP WindowsClientTargetPlatform
[2019.03.02-23.37.16:699][  0]LogTemp: Display: Loaded TP WindowsNoEditorTargetPlatform
[2019.03.02-23.37.16:713][  0]LogTemp: Display: Loaded TP WindowsServerTargetPlatform
[2019.03.02-23.37.16:720][  0]LogTemp: Display: Loaded TP WindowsTargetPlatform
[2019.03.02-23.37.16:731][  0]LogTemp: Display: Loaded TP Android_ASTCTargetPlatform
[2019.03.02-23.37.16:742][  0]LogTemp: Display: Loaded TP Android_ATCTargetPlatform
[2019.03.02-23.37.16:753][  0]LogTemp: Display: Loaded TP Android_DXTTargetPlatform
[2019.03.02-23.37.16:763][  0]LogTemp: Display: Loaded TP Android_ETC1aTargetPlatform
[2019.03.02-23.37.16:774][  0]LogTemp: Display: Loaded TP Android_ETC1TargetPlatform
[2019.03.02-23.37.16:784][  0]LogTemp: Display: Loaded TP Android_ETC2TargetPlatform
[2019.03.02-23.37.16:807][  0]LogTemp: Display: Loaded TP Android_MultiTargetPlatform
[2019.03.02-23.37.16:807][  0]LogTemp: Display: Loaded TP Android_PVRTCTargetPlatform
[2019.03.02-23.37.16:819][  0]LogTemp: Display: Loaded TP AndroidTargetPlatform
[2019.03.02-23.37.16:820][  0]LogTemp: Display: Loaded TP HTML5TargetPlatform
[2019.03.02-23.37.16:858][  0]LogTemp: Display: Loaded TP IOSTargetPlatform
[2019.03.02-23.37.16:869][  0]LogTemp: Display: Loaded TP TVOSTargetPlatform
[2019.03.02-23.37.16:880][  0]LogTemp: Display: Loaded TP LinuxClientTargetPlatform
[2019.03.02-23.37.16:892][  0]LogTemp: Display: Loaded TP LinuxNoEditorTargetPlatform
[2019.03.02-23.37.16:903][  0]LogTemp: Display: Loaded TP LinuxServerTargetPlatform
[2019.03.02-23.37.16:916][  0]LogTemp: Display: Loaded TP LinuxTargetPlatform
[2019.03.02-23.37.16:916][  0]LogTargetPlatformManager: Display: Building Assets For Windows
[2019.03.02-23.37.17:090][  0]LogXGEController: Cannot use XGE Controller as Incredibuild is not installed on this machine.
[2019.03.02-23.37.17:090][  0]LogShaderCompilers: Cannot use XGE Shader Compiler as Incredibuild is not installed on this machine.
[2019.03.02-23.37.17:090][  0]LogShaderCompilers: Display: Using Local Shader Compiler.
[2019.03.02-23.37.17:757][  0]LogDerivedDataCache: Display: Max Cache Size: 512 MB
[2019.03.02-23.37.17:832][  0]LogDerivedDataCache: Loaded boot cache 0.07s 75MB C:/Users/linco/AppData/Local/UnrealEngine/4.19/DerivedDataCache/Boot.ddc.
[2019.03.02-23.37.17:833][  0]LogDerivedDataCache: Display: Loaded Boot cache: C:/Users/linco/AppData/Local/UnrealEngine/4.19/DerivedDataCache/Boot.ddc
[2019.03.02-23.37.17:833][  0]LogDerivedDataCache: FDerivedDataBackendGraph:  Pak pak cache file ../../../../../../Users/linco/Documents/Unreal Projects/vista_mountains_01/DerivedDataCache/DDC.ddp not found, will not use a pak cache.
[2019.03.02-23.37.17:833][  0]LogDerivedDataCache: Unable to find inner node Pak for hierarchical cache Hierarchy.
[2019.03.02-23.37.17:833][  0]LogDerivedDataCache: FDerivedDataBackendGraph:  CompressedPak pak cache file ../../../../../../Users/linco/Documents/Unreal Projects/vista_mountains_01/DerivedDataCache/Compressed.ddp not found, will not use a pak cache.
[2019.03.02-23.37.17:833][  0]LogDerivedDataCache: Unable to find inner node CompressedPak for hierarchical cache Hierarchy.
[2019.03.02-23.37.17:848][  0]LogDerivedDataCache: Display: Pak cache opened for reading ../../../Engine/DerivedDataCache/Compressed.ddp.
[2019.03.02-23.37.17:860][  0]LogDerivedDataCache: Using Local data cache path C:/Users/linco/AppData/Local/UnrealEngine/Common/DerivedDataCache: Writable
[2019.03.02-23.37.17:860][  0]LogDerivedDataCache: Shared data cache path not found in *engine.ini, will not use an Shared cache.
[2019.03.02-23.37.17:860][  0]LogDerivedDataCache: Unable to find inner node Shared for hierarchical cache Hierarchy.
[2019.03.02-23.37.17:870][  0]LogMaterial: Verifying Global Shaders for PCD3D_SM5
[2019.03.02-23.37.17:870][  0]LogSlate: Using Freetype 2.6.0
[2019.03.02-23.37.17:871][  0]LogSlate: SlateFontCache - WITH_FREETYPE: 1, WITH_HARFBUZZ: 1
[2019.03.02-23.37.17:871][  0]LogSlate: SlateFontCache - WITH_FREETYPE: 1, WITH_HARFBUZZ: 1
[2019.03.02-23.37.18:109][  0]LogAssetRegistry: FAssetRegistry took 0.0259 seconds to start up
[2019.03.02-23.37.18:407][  0]LogInit: Selected Device Profile: [Windows]
[2019.03.02-23.37.18:589][  0]LogSimplygon: Simplygon DLL not present - disabling.
[2019.03.02-23.37.18:592][  0]LogMeshReduction: Using SimplygonSwarm for distributed automatic mesh merging
[2019.03.02-23.37.18:592][  0]LogMeshReduction: Using QuadricMeshReduction for automatic static mesh reduction
[2019.03.02-23.37.18:592][  0]LogMeshReduction: No automatic skeletal mesh reduction module available
[2019.03.02-23.37.18:593][  0]LogMeshReduction: No automatic mesh merging module available
[2019.03.02-23.37.18:593][  0]LogMeshMerging: No automatic mesh merging module available
[2019.03.02-23.37.18:642][  0]LogNetVersion: vista_mountains_01 , NetCL: 3944462, EngineNetVer: 2, GameNetVer: 0 (Checksum: 113590041)
[2019.03.02-23.37.19:225][  0]LogPackageLocalizationCache: Processed 9 localized package path(s) for 2 prioritized culture(s) in 0.178294 seconds
[2019.03.02-23.37.19:231][  0]LogUObjectArray: 36728 objects as part of root set at end of initial load.
[2019.03.02-23.37.19:231][  0]LogUObjectAllocator: 7314312 out of 0 bytes used by permanent object pool.
[2019.03.02-23.37.19:231][  0]LogUObjectArray: CloseDisregardForGC: 0/0 objects in disregard for GC pool
[2019.03.02-23.37.22:483][  0]LogTcpMessaging: Initializing TcpMessaging bridge
[2019.03.02-23.37.22:542][  0]LogUdpMessaging: Initializing bridge on interface 0.0.0.0:0 to multicast group 230.0.0.1:6666.
[2019.03.02-23.37.23:136][  0]SourceControl: Source control is disabled
[2019.03.02-23.37.23:136][  0]SourceControl: Source control is disabled
[2019.03.02-23.37.23:169][  0]SourceControl: Source control is disabled
[2019.03.02-23.37.23:201][  0]SourceControl: Source control is disabled
[2019.03.02-23.37.24:028][  0]LogAndroidPermission: UAndroidPermissionCallbackProxy::GetInstance
[2019.03.02-23.37.24:276][  0]LogOcInput: OculusInput pre-init called
[2019.03.02-23.37.24:446][  0]LogEngine: Initializing Engine...
[2019.03.02-23.37.24:448][  0]LogHMD: Failed to initialize OpenVR with code 110
[2019.03.02-23.37.24:449][  0]LogStats: UGameplayTagsManager::ConstructGameplayTagTree: Construct from data asset -  0.000 s
[2019.03.02-23.37.24:449][  0]LogStats: UGameplayTagsManager::ConstructGameplayTagTree: GameplayTagTreeChangedEvent.Broadcast -  0.000 s
[2019.03.02-23.37.24:669][  0]LogAIModule: Creating AISystem for world Untitled
[2019.03.02-23.37.24:739][  0]LogInit: XAudio2 using 'Speakers (Realtek High Definition Audio)' : 2 channels at 48 kHz using 32 bits per sample (channel mask 0x3)
[2019.03.02-23.37.24:817][  0]LogInit: FAudioDevice initialized.
[2019.03.02-23.37.24:938][  0]LogDerivedDataCache: Saved boot cache 0.12s 75MB C:/Users/linco/AppData/Local/UnrealEngine/4.19/DerivedDataCache/Boot.ddc.
[2019.03.02-23.37.24:951][  0]LogInit: Texture streaming: Enabled
[2019.03.02-23.37.24:973][  0]LogEngineSessionManager: EngineSessionManager initialized
[2019.03.02-23.37.24:989][  0]LogInit: Transaction tracking system initialized
[2019.03.02-23.37.25:017][  0]BlueprintLog: New page: Editor Load
[2019.03.02-23.37.25:111][  0]LocalizationService: Localization service is disabled
[2019.03.02-23.37.25:249][  0]LogConsoleResponse: Display: 
[2019.03.02-23.37.25:389][  0]LogCook: Display: Max memory allowance for cook 16384mb min free memory 0mb
[2019.03.02-23.37.25:389][  0]LogCook: Display: Mobile HDR setting 1
[2019.03.02-23.37.25:389][  0]LogGameplayTags: Display: UGameplayTagsManager::DoneAddingNativeTags. DelegateIsBound: 0
[2019.03.02-23.37.25:389][  0]LogStats: UGameplayTagsManager::ConstructGameplayTagTree: Construct from data asset -  0.000 s
[2019.03.02-23.37.25:389][  0]LogStats: UGameplayTagsManager::ConstructGameplayTagTree: GameplayTagTreeChangedEvent.Broadcast -  0.000 s
[2019.03.02-23.37.25:444][  0]LogFileCache: Scanning file cache for directory 'C:/Users/linco/Documents/Unreal Projects/vista_mountains_01/Content/' took 0.01s
[2019.03.02-23.37.26:046][  0]SourceControl: Source control is disabled
[2019.03.02-23.37.26:046][  0]Cmd: MAP LOAD FILE="../../../../../../Users/linco/Documents/Unreal Projects/vista_mountains_01/Content/VistaMountain_Pack_01/Maps/VistaMountain_Pack_01A.umap" TEMPLATE=0 SHOWPROGRESS=1 FEATURELEVEL=3
[2019.03.02-23.37.26:047][  0]LightingResults: New page: Lighting Build
[2019.03.02-23.37.26:050][  0]MapCheck: New page: Map Check
[2019.03.02-23.37.26:050][  0]LightingResults: New page: Lighting Build
[2019.03.02-23.37.27:405][  0]LogAIModule: Creating AISystem for world VistaMountain_Pack_01A
[2019.03.02-23.37.27:411][  0]LogEditorServer: Finished looking for orphan Actors (0.000 secs)
[2019.03.02-23.37.27:455][  0]Cmd: MAP CHECKDEP NOCLEARLOG
[2019.03.02-23.37.27:540][  0]MapCheck: Map check complete: 0 Error(s), 0 Warning(s), took 85.338ms to complete.
[2019.03.02-23.37.27:540][  0]LogFileHelpers: Loading map 'VistaMountain_Pack_01A' took 1.494
[2019.03.02-23.37.27:833][  0]LogCollectionManager: Loaded 0 collections in 0.002903 seconds
[2019.03.02-23.37.27:880][  0]LogFileCache: Scanning file cache for directory 'C:/Users/linco/Documents/Unreal Projects/vista_mountains_01/Saved/Collections/' took 0.01s
[2019.03.02-23.37.27:880][  0]LogFileCache: Scanning file cache for directory 'C:/Users/linco/Documents/Unreal Projects/vista_mountains_01/Content/Developers/linco/Collections/' took 0.01s
[2019.03.02-23.37.27:880][  0]LogFileCache: Scanning file cache for directory 'C:/Users/linco/Documents/Unreal Projects/vista_mountains_01/Content/Collections/' took 0.01s
[2019.03.02-23.37.27:880][  0]LogCollectionManager: Rebuilt the GUID cache for 0 collections in 0.000000 seconds
[2019.03.02-23.37.27:889][  0]LogContentBrowser: Native class hierarchy populated in 0.0090 seconds. Added 2453 classes and 560 folders.
[2019.03.02-23.37.27:900][  0]LogContentBrowser: Native class hierarchy updated for 'WidgetCarousel' in 0.0003 seconds. Added 0 classes and 0 folders.
[2019.03.02-23.37.27:991][  0]LogContentBrowser: Native class hierarchy updated for 'AddContentDialog' in 0.0002 seconds. Added 0 classes and 0 folders.
[2019.03.02-23.37.28:030][  0]LogSlate: Took 0.000357 seconds to synchronously load lazily loaded font '../../../Engine/Content/Slate/Fonts/Roboto-Regular.ttf' (155K)
[2019.03.02-23.37.28:035][  0]LogSlate: Took 0.000383 seconds to synchronously load lazily loaded font '../../../Engine/Content/Slate/Fonts/Roboto-Bold.ttf' (160K)
[2019.03.02-23.37.28:039][  0]LogSlate: Took 0.000421 seconds to synchronously load lazily loaded font '../../../Engine/Content/Editor/Slate/Fonts/FontAwesome.ttf' (139K)
[2019.03.02-23.37.28:126][  0]LogRenderer: Reallocating scene render targets to support 1036x584 Format 10 NumSamples 1 (Frame:1).
[2019.03.02-23.37.28:276][  0]LogContentBrowser: Native class hierarchy updated for 'HierarchicalLODOutliner' in 0.0002 seconds. Added 0 classes and 0 folders.
[2019.03.02-23.37.28:276][  0]LogLoad: (Engine Initialization) Total time: 16.76 seconds
[2019.03.02-23.37.28:276][  0]LogLoad: (Engine Initialization) Total Blueprint compile time: 0.00 seconds
[2019.03.02-23.37.28:288][  0]LogWindowsTextInputMethodSystem: Display: IME system now deactivated.
[2019.03.02-23.37.28:310][  0]LogContentStreaming: Texture pool size now 1000 MB
[2019.03.02-23.37.28:361][  0]LogSlate: Took 0.000305 seconds to synchronously load lazily loaded font '../../../Engine/Content/Slate/Fonts/Roboto-Light.ttf' (167K)
[2019.03.02-23.37.28:396][  1]LogAssetRegistry: Asset discovery search completed in 10.3092 seconds
[2019.03.02-23.37.28:398][  1]LogCollectionManager: Rebuilt the object cache for 0 collections in 0.000000 seconds (found 0 objects)
[2019.03.02-23.37.28:398][  1]LogCollectionManager: Fixed up redirectors for 0 collections in 0.000090 seconds (updated 0 objects)
[2019.03.02-23.37.42:954][711]LogSlate: FSceneViewport::OnFocusLost() reason 0
[2019.03.02-23.37.52:222][805]LogSlate: Took 0.000302 seconds to synchronously load lazily loaded font '../../../Engine/Content/Slate/Fonts/Roboto-Light.ttf' (167K)
[2019.03.02-23.37.52:278][805]LogSavePackage: Save=22.10ms
[2019.03.02-23.37.52:278][805]LogSavePackage: Moving '../../../../../../Users/linco/Documents/Unreal Projects/vista_mountains_01/Saved/VistaMountain_Pack_01A02EABEC0457365F96256BABB46414377.tmp' to '../../../../../../Users/linco/Documents/Unreal Projects/vista_mountains_01/Content/VistaMountain_Pack_01/Maps/VistaMountain_Pack_01A.umap'
[2019.03.02-23.37.52:281][805]LogSavePackage: Display: Finished SavePackage ../../../../../../Users/linco/Documents/Unreal Projects/vista_mountains_01/Content/VistaMountain_Pack_01/Maps/VistaMountain_Pack_01A.umap
[2019.03.02-23.37.52:416][805]LogSavePackage: Save=56.27ms
[2019.03.02-23.37.52:416][805]LogSavePackage: Moving '../../../../../../Users/linco/Documents/Unreal Projects/vista_mountains_01/Saved/VistaMountain_Pack_01A_BuiltDataDEB42F36411E2FB6CE0E17A9AA8B2439.tmp' to '../../../../../../Users/linco/Documents/Unreal Projects/vista_mountains_01/Content/VistaMountain_Pack_01/Maps/VistaMountain_Pack_01A_BuiltData.uasset'
[2019.03.02-23.37.52:420][805]LogSavePackage: Display: Finished SavePackage ../../../../../../Users/linco/Documents/Unreal Projects/vista_mountains_01/Content/VistaMountain_Pack_01/Maps/VistaMountain_Pack_01A_BuiltData.uasset
[2019.03.02-23.38.22:205][364]LogSlate: FSceneViewport::OnFocusLost() reason 2
[2019.03.02-23.38.25:883][803]LogSlate: FSceneViewport::OnFocusLost() reason 0
[2019.03.02-23.38.27:638][ 11]LogActorFactory: Actor Factory created sm_vista_mountain_01a
[2019.03.02-23.38.30:246][294]LogActorFactory: Actor Factory created sm_vista_mountain_01a
[2019.03.02-23.38.30:643][338]Cmd: CAMERA ALIGN ACTIVEVIEWPORTONLY
[2019.03.02-23.38.32:134][507]LogEditorViewport: Clicking on Actor (LMB): StaticMeshActor (vista_mountain_01a4)
[2019.03.02-23.38.32:299][523]Cmd: DELETE
[2019.03.02-23.38.32:299][523]Cmd: ACTOR DELETE
[2019.03.02-23.38.32:300][523]LogEditorActor: Deleted Actor: StaticMeshActor
[2019.03.02-23.38.32:309][523]LogEditorActor: Deleted 1 Actors (0.011 secs)
[2019.03.02-23.38.32:613][559]LogEditorViewport: Clicking on Actor (LMB): StaticMeshActor (sm_vista_mountain_01a)
[2019.03.02-23.38.37:154][ 96]Cmd: CAMERA ALIGN ACTIVEVIEWPORTONLY
[2019.03.02-23.38.39:498][368]Cmd: SELECT NONE
[2019.03.02-23.38.40:741][499]LogSlate: FSceneViewport::OnFocusLost() reason 0
[2019.03.02-23.38.40:824][509]MapCheck: New page: Map Check
[2019.03.02-23.38.40:841][509]Cmd: MAP REBUILD ALLVISIBLE
[2019.03.02-23.38.40:841][509]LogEditorServer: Rebuildmap Clear paths rebuilt
[2019.03.02-23.38.41:015][509]LogMaterial: Missing cached shader map for material FDebugViewModeMaterialProxy WorldGridMaterial, compiling. Is special engine material.
[2019.03.02-23.38.41:022][509]LogMaterial: Missing cached shader map for material FDebugViewModeMaterialProxy MaterialInstanceDynamic_1, compiling. 
[2019.03.02-23.38.41:028][509]LogShaderCompilers: Display: Shaders left to compile 2
[2019.03.02-23.38.41:028][509]LogShaderCompilers: Display: Shaders left to compile 1
[2019.03.02-23.38.41:028][509]LogMaterial: Missing cached shader map for material FDebugViewModeMaterialProxy m_vista_mountain_02a_Inst, compiling. 
[2019.03.02-23.38.41:732][509]LogShaderCompilers: Display: Shaders left to compile 1
[2019.03.02-23.38.41:732][509]TextureStreamingBuild: Display: Compiling optional shaders took 0.723 seconds.
[2019.03.02-23.38.41:738][509]LogLevel: Display: Export Material TexCoord Scales took 0.006 seconds.
[2019.03.02-23.38.41:742][509]TextureStreamingBuild: Display: Build Texture Streaming took 0.004 seconds.
[2019.03.02-23.38.41:751][509]LightingResults: New page: Lighting Build - Mar 2, 2019, 1:38:41 PM
[2019.03.02-23.38.41:784][509]LogSwarmInterface: [OpenConnection] Registering TCP channel ...
[2019.03.02-23.38.41:917][509]LogSwarmInterface: [OpenConnection] Connecting to agent ...
[2019.03.02-23.38.41:929][509]LogSwarmInterface: [TryOpenConnection] Testing the Agent
[2019.03.02-23.38.42:438][509]LogSwarmInterface: [TryOpenConnection] Opening Connection to Agent
[2019.03.02-23.38.42:439][509]LogSwarmInterface: [TryOpenConnection] Local Process ID is 17056
[2019.03.02-23.38.47:357][509]LightingResults: Warning: No importance volume found and the scene is so large that the automatically synthesized volume will not yield good results.  Please add a tightly bounding lightmass importance volume to optimize your scene's quality and lighting build times.
[2019.03.02-23.38.47:357][509]LogStaticLightingSystem: Running Lightmass w/ ImmediateImport mode ENABLED
[2019.03.02-23.38.47:358][509]LogStaticLightingSystem: Running Lightmass w/ ImmediateProcess mode ENABLED
[2019.03.02-23.38.47:358][509]LogStaticLightingSystem: Running Lightmass w/ Sorting mode ENABLED
[2019.03.02-23.38.47:358][509]LogStaticLightingSystem: Running Lightmass w/ Mapping paddings ENABLED
[2019.03.02-23.38.47:358][509]LogStaticLightingSystem: Running Lightmass w/ Mapping debug paddings DISABLED
[2019.03.02-23.38.47:606][509]Cmd: MAP CHECK DONTDISPLAYDIALOG
[2019.03.02-23.38.47:606][509]MapCheck: New page: VistaMountain_Pack_01A - Mar 2, 2019, 1:38:47 PM
[2019.03.02-23.38.47:606][509]MapCheck: Error: WorldSettings_1 Maps need lighting rebuilt 
[2019.03.02-23.38.47:696][509]MapCheck: Map check complete: 1 Error(s), 0 Warning(s), took 90.739ms to complete.
[2019.03.02-23.38.47:719][509]LogEditorBuildUtils: Build time 0:06
[2019.03.02-23.38.50:695][720]Job is a success!
[2019.03.02-23.38.50:858][722]LogVolumetricLightmapImport: Imported Volumetric Lightmap in 0.098s
[2019.03.02-23.38.50:859][722]LogVolumetricLightmapImport:      Indirection Texture 32x32x32 = 0.1Mb
[2019.03.02-23.38.50:859][722]LogVolumetricLightmapImport:      BrickData 40x5x5 = 0.0Mb
[2019.03.02-23.38.50:859][722]LogVolumetricLightmapImport:      Bricks at Level
[2019.03.02-23.38.50:859][722]LogVolumetricLightmapImport:          0: 100.0% covering 100.0% of volume
[2019.03.02-23.38.50:859][722]LogVolumetricLightmapImport:          1: 0.0% covering 0.0% of volume
[2019.03.02-23.38.50:859][722]LogVolumetricLightmapImport:          2: 0.0% covering 0.0% of volume
[2019.03.02-23.38.51:080][722]LogTexture: Display: Building textures: SkyOcclusion0_1 (AutoDXT, 256X128)
[2019.03.02-23.38.51:080][722]LogTexture: Display: Building textures: HQ_Lightmap0_1 (AutoDXT, 256X256)
[2019.03.02-23.38.51:080][722]LogTexture: Display: Building textures: SkyOcclusion0_3 (AutoDXT, 256X128)
[2019.03.02-23.38.51:080][722]LogTexture: Display: Building textures: LQ_Lightmap_0_1 (DXT1, 256X256)
[2019.03.02-23.38.51:080][722]LogTexture: Display: Building textures: HQ_Lightmap0_2 (AutoDXT, 256X256)
[2019.03.02-23.38.51:080][722]LogTexture: Display: Building textures: HQ_Lightmap0_3 (AutoDXT, 256X256)
[2019.03.02-23.38.51:080][722]LogTexture: Display: Building textures: LQ_Lightmap_0_2 (DXT1, 256X256)
[2019.03.02-23.38.51:080][722]LogTexture: Display: Building textures: HQ_Lightmap0_4 (AutoDXT, 64X64)
[2019.03.02-23.38.51:080][722]LogTexture: Display: Building textures: LQ_Lightmap_0_4 (DXT1, 64X64)
[2019.03.02-23.38.51:080][722]LogTexture: Display: Building textures: LQ_Lightmap_0_3 (DXT1, 256X256)
[2019.03.02-23.38.51:080][722]LogTexture: Display: Building textures: SkyOcclusion0_2 (AutoDXT, 256X128)
[2019.03.02-23.38.51:080][722]LogTexture: Display: Building textures: SkyOcclusion0_4 (AutoDXT, 64X32)
[2019.03.02-23.38.51:404][722]LogTexture: Display: Building textures: ShadowMapTexture2D_3 (G8, 32X32)
[2019.03.02-23.38.51:405][722]LogTexture: Display: Building textures: ShadowMapTexture2D_2 (G8, 128X128)
[2019.03.02-23.38.51:405][722]LogTexture: Display: Building textures: ShadowMapTexture2D_0 (G8, 128X128)
[2019.03.02-23.38.51:405][722]LogTexture: Display: Building textures: ShadowMapTexture2D_1 (G8, 128X128)
[2019.03.02-23.38.51:474][722]Lightmass on DESKTOP-KNGLPJ6: 2.65 sec total, 201 ms importing, 28 ms setup, 488 ms photons, 1.89 sec processing, 0 ms extra exporting [4/4 mappings]. Threads: 13.0 sec total, 3.09 sec processing.
[2019.03.02-23.38.51:502][722]LogStaticLightingSystem: Illumination: 9.72 sec (208 ms encoding lightmaps, 318 ms encoding shadowmaps)
[2019.03.02-23.38.51:502][722]LogStaticLightingSystem: Lightmap texture memory:  0.5 MB (0.5 MB streaming, 0.0 MB non-streaming), 8 textures
[2019.03.02-23.38.51:502][722]LogStaticLightingSystem: Shadowmap texture memory: 0.1 MB (0.1 MB streaming, 0.0 MB non-streaming), 4 textures
[2019.03.02-23.38.52:365][722]DumpUnbuiltLightIteractions
[2019.03.02-23.38.52:365][722]Lights with unbuilt interactions: 0
[2019.03.02-23.38.52:365][722]
[2019.03.02-23.38.52:366][722]Primitives with unbuilt interactions: 0
[2019.03.02-23.38.52:464][723]Cmd: MAP CHECK NOTIFYRESULTS
[2019.03.02-23.38.52:464][723]MapCheck: New page: VistaMountain_Pack_01A - Mar 2, 2019, 1:38:52 PM
[2019.03.02-23.38.52:566][723]MapCheck: Map check complete: 0 Error(s), 0 Warning(s), took 101.71ms to complete.
[2019.03.02-23.38.58:554][409]LogEditorViewport: Clicking on Actor (LMB): StaticMeshActor (sm_vista_mountain_02a)
[2019.03.02-23.39.02:365][846]LogEditorViewport: Clicking on Actor (LMB): StaticMeshActor (sm_vista_mountain_01a)
[2019.03.02-23.39.07:598][467]LogSlate: FSceneViewport::OnFocusLost() reason 0
[2019.03.02-23.39.13:730][183]LogEditorViewport: Clicking on Actor (LMB): StaticMeshActor (sm_vista_mountain_03a2)
[2019.03.02-23.39.14:158][228]LogSlate: Took 0.000340 seconds to synchronously load lazily loaded font '../../../Engine/Content/Slate/Fonts/Roboto-Italic.ttf' (157K)
[2019.03.02-23.39.15:260][349]LogSlate: FSceneViewport::OnFocusLost() reason 0
[2019.03.02-23.39.19:552][858]LogEditorViewport: Clicking on Actor (LMB): StaticMeshActor (sm_vista_mountain_02a)
[2019.03.02-23.39.21:506][ 78]LogSlate: FSceneViewport::OnFocusLost() reason 0
[2019.03.02-23.39.23:784][348]Cmd: CAMERA ALIGN ACTIVEVIEWPORTONLY
[2019.03.02-23.39.25:398][531]Cmd: SELECT NONE
[2019.03.02-23.39.31:848][291]LogSlate: FSceneViewport::OnFocusLost() reason 0
[2019.03.02-23.39.41:838][483]Cmd: SELECT NONE
[2019.03.02-23.39.44:169][762]LogSlate: FSceneViewport::OnFocusLost() reason 0
[2019.03.02-23.39.48:261][248]LogSlate: FSceneViewport::OnFocusLost() reason 0
[2019.03.02-23.39.54:969][ 45]Cmd: SELECT NONE
[2019.03.02-23.39.56:432][220]LogSlate: FSceneViewport::OnFocusLost() reason 0
[2019.03.02-23.40.00:307][682]LogSlate: FSceneViewport::OnFocusLost() reason 0
[2019.03.02-23.40.15:425][467]LogSlate: FSceneViewport::OnFocusLost() reason 0
[2019.03.02-23.40.17:918][763]Cmd: TRANSACTION UNDO
[2019.03.02-23.40.17:918][763]LogEditorTransaction: Undo Move Actors
[2019.03.02-23.40.18:930][876]Cmd: SELECT NONE
[2019.03.02-23.40.22:131][252]LogSlate: FSceneViewport::OnFocusLost() reason 0
[2019.03.02-23.40.22:197][260]MapCheck: New page: Map Check
[2019.03.02-23.40.22:217][260]Cmd: MAP REBUILD ALLVISIBLE
[2019.03.02-23.40.22:217][260]LogEditorServer: Rebuildmap Clear paths rebuilt
[2019.03.02-23.40.22:374][260]LogMaterial: Missing cached shader map for material FDebugViewModeMaterialProxy WorldGridMaterial, compiling. Is special engine material.
[2019.03.02-23.40.22:379][260]LogMaterial: Missing cached shader map for material FDebugViewModeMaterialProxy MaterialInstanceDynamic_2, compiling. 
[2019.03.02-23.40.22:385][260]LogShaderCompilers: Display: Shaders left to compile 2
[2019.03.02-23.40.22:385][260]LogShaderCompilers: Display: Shaders left to compile 1
[2019.03.02-23.40.22:385][260]LogMaterial: Missing cached shader map for material FDebugViewModeMaterialProxy m_vista_mountain_02a_Inst, compiling. 
[2019.03.02-23.40.22:999][260]LogShaderCompilers: Display: Shaders left to compile 1
[2019.03.02-23.40.22:999][260]TextureStreamingBuild: Display: Compiling optional shaders took 0.628 seconds.
[2019.03.02-23.40.23:003][260]LogLevel: Display: Export Material TexCoord Scales took 0.004 seconds.
[2019.03.02-23.40.23:008][260]TextureStreamingBuild: Display: Build Texture Streaming took 0.004 seconds.
[2019.03.02-23.40.23:017][260]LightingResults: New page: Lighting Build - Mar 2, 2019, 1:40:23 PM
[2019.03.02-23.40.23:026][260]LogSwarmInterface: [OpenConnection] Registering TCP channel ...
[2019.03.02-23.40.23:029][260]LogSwarmInterface: [OpenConnection] Connecting to agent ...
[2019.03.02-23.40.23:029][260]LogSwarmInterface: [TryOpenConnection] Testing the Agent
[2019.03.02-23.40.23:040][260]LogSwarmInterface: [TryOpenConnection] Opening Connection to Agent
[2019.03.02-23.40.23:040][260]LogSwarmInterface: [TryOpenConnection] Local Process ID is 17056
[2019.03.02-23.40.27:559][260]LightingResults: Warning: No importance volume found and the scene is so large that the automatically synthesized volume will not yield good results.  Please add a tightly bounding lightmass importance volume to optimize your scene's quality and lighting build times.
[2019.03.02-23.40.27:559][260]LogStaticLightingSystem: Running Lightmass w/ ImmediateImport mode ENABLED
[2019.03.02-23.40.27:559][260]LogStaticLightingSystem: Running Lightmass w/ ImmediateProcess mode ENABLED
[2019.03.02-23.40.27:559][260]LogStaticLightingSystem: Running Lightmass w/ Sorting mode ENABLED
[2019.03.02-23.40.27:560][260]LogStaticLightingSystem: Running Lightmass w/ Mapping paddings ENABLED
[2019.03.02-23.40.27:560][260]LogStaticLightingSystem: Running Lightmass w/ Mapping debug paddings DISABLED
[2019.03.02-23.40.27:746][260]Cmd: MAP CHECK DONTDISPLAYDIALOG
[2019.03.02-23.40.27:746][260]MapCheck: New page: VistaMountain_Pack_01A - Mar 2, 2019, 1:40:27 PM
[2019.03.02-23.40.27:747][260]MapCheck: Error: WorldSettings_1 Maps need lighting rebuilt 
[2019.03.02-23.40.27:836][260]MapCheck: Map check complete: 1 Error(s), 0 Warning(s), took 88.606ms to complete.
[2019.03.02-23.40.27:858][260]LogEditorBuildUtils: Build time 0:05
[2019.03.02-23.40.34:978][850]Job is a success!
[2019.03.02-23.40.35:251][851]LogVolumetricLightmapImport: Imported Volumetric Lightmap in 0.217s
[2019.03.02-23.40.35:251][851]LogVolumetricLightmapImport:      Indirection Texture 32x32x32 = 0.1Mb
[2019.03.02-23.40.35:251][851]LogVolumetricLightmapImport:      BrickData 450x5x5 = 0.4Mb
[2019.03.02-23.40.35:251][851]LogVolumetricLightmapImport:      Bricks at Level
[2019.03.02-23.40.35:251][851]LogVolumetricLightmapImport:          0: 8.9% covering 100.0% of volume
[2019.03.02-23.40.35:251][851]LogVolumetricLightmapImport:          1: 91.1% covering 16.0% of volume
[2019.03.02-23.40.35:251][851]LogVolumetricLightmapImport:          2: 0.0% covering 0.0% of volume
[2019.03.02-23.40.35:507][851]LogTexture: Display: Building textures: SkyOcclusion1_1 (AutoDXT, 256X128)
[2019.03.02-23.40.35:507][851]LogTexture: Display: Building textures: HQ_Lightmap1_2 (AutoDXT, 256X256)
[2019.03.02-23.40.35:507][851]LogTexture: Display: Building textures: HQ_Lightmap1_1 (AutoDXT, 256X256)
[2019.03.02-23.40.35:507][851]LogTexture: Display: Building textures: LQ_Lightmap_1_1 (DXT1, 256X256)
[2019.03.02-23.40.35:507][851]LogTexture: Display: Building textures: HQ_Lightmap1_3 (AutoDXT, 256X256)
[2019.03.02-23.40.35:507][851]LogTexture: Display: Building textures: SkyOcclusion1_3 (AutoDXT, 256X128)
[2019.03.02-23.40.35:507][851]LogTexture: Display: Building textures: LQ_Lightmap_1_2 (DXT1, 256X256)
[2019.03.02-23.40.35:507][851]LogTexture: Display: Building textures: SkyOcclusion1_4 (AutoDXT, 64X32)
[2019.03.02-23.40.35:507][851]LogTexture: Display: Building textures: LQ_Lightmap_1_4 (DXT1, 64X64)
[2019.03.02-23.40.35:507][851]LogTexture: Display: Building textures: HQ_Lightmap1_4 (AutoDXT, 64X64)
[2019.03.02-23.40.35:507][851]LogTexture: Display: Building textures: LQ_Lightmap_1_3 (DXT1, 256X256)
[2019.03.02-23.40.35:507][851]LogTexture: Display: Building textures: SkyOcclusion1_2 (AutoDXT, 256X128)
[2019.03.02-23.40.35:810][851]LogTexture: Display: Building textures: ShadowMapTexture2D_5 (G8, 128X128)
[2019.03.02-23.40.35:810][851]LogTexture: Display: Building textures: ShadowMapTexture2D_6 (G8, 128X128)
[2019.03.02-23.40.35:810][851]LogTexture: Display: Building textures: ShadowMapTexture2D_4 (G8, 128X128)
[2019.03.02-23.40.35:811][851]LogTexture: Display: Building textures: ShadowMapTexture2D_7 (G8, 32X32)
[2019.03.02-23.40.35:826][851]Lightmass on DESKTOP-KNGLPJ6: 6.99 sec total, 156 ms importing, 59 ms setup, 837 ms photons, 5.89 sec processing, 0 ms extra exporting [4/4 mappings]. Threads: 41.1 sec total, 4.01 sec processing.
[2019.03.02-23.40.35:849][851]LogStaticLightingSystem: Illumination: 12.8 sec (239 ms encoding lightmaps, 298 ms encoding shadowmaps)
[2019.03.02-23.40.35:849][851]LogStaticLightingSystem: Lightmap texture memory:  0.5 MB (0.5 MB streaming, 0.0 MB non-streaming), 8 textures
[2019.03.02-23.40.35:849][851]LogStaticLightingSystem: Shadowmap texture memory: 0.1 MB (0.1 MB streaming, 0.0 MB non-streaming), 4 textures
[2019.03.02-23.40.36:569][851]DumpUnbuiltLightIteractions
[2019.03.02-23.40.36:570][851]Lights with unbuilt interactions: 0
[2019.03.02-23.40.36:570][851]
[2019.03.02-23.40.36:570][851]Primitives with unbuilt interactions: 0
[2019.03.02-23.40.36:690][852]Cmd: MAP CHECK NOTIFYRESULTS
[2019.03.02-23.40.36:690][852]MapCheck: New page: VistaMountain_Pack_01A - Mar 2, 2019, 1:40:36 PM
[2019.03.02-23.40.36:794][852]MapCheck: Map check complete: 0 Error(s), 0 Warning(s), took 103.586ms to complete.
[2019.03.02-23.40.38:377][ 23]LogSlate: Window 'Message Log' being destroyed
[2019.03.02-23.40.38:384][ 23]LogSlate: Window 'Message Log' being destroyed
[2019.03.02-23.40.51:422][570]LogRenderer: Reallocating scene render targets to support 1144x660 Format 10 NumSamples 1 (Frame:21495).
[2019.03.02-23.40.51:468][571]LogRenderer: Reallocating scene render targets to support 1680x1052 Format 10 NumSamples 1 (Frame:21497).
[2019.03.02-23.40.51:488][572]LogSlate: FSceneViewport::OnFocusLost() reason 2
[2019.03.02-23.40.55:489][ 22]LogSlate: FSceneViewport::OnFocusLost() reason 2
[2019.03.02-23.40.56:535][145]LogSlate: FSceneViewport::OnFocusLost() reason 0
[2019.03.02-23.40.58:080][155]LogSlate: Window 'Save Content' being destroyed
[2019.03.02-23.40.58:250][155]LogSavePackage: Save=22.51ms
[2019.03.02-23.40.58:250][155]LogSavePackage: Moving '../../../../../../Users/linco/Documents/Unreal Projects/vista_mountains_01/Saved/VistaMountain_Pack_01AB46CC1BE46F83F07CEE1D8B0DA195004.tmp' to '../../../../../../Users/linco/Documents/Unreal Projects/vista_mountains_01/Content/VistaMountain_Pack_01/Maps/VistaMountain_Pack_01A.umap'
[2019.03.02-23.40.58:256][155]LogSavePackage: Display: Finished SavePackage ../../../../../../Users/linco/Documents/Unreal Projects/vista_mountains_01/Content/VistaMountain_Pack_01/Maps/VistaMountain_Pack_01A.umap
[2019.03.02-23.40.58:276][155]LogFileHelpers: Saving map 'VistaMountain_Pack_01A' took 0.161
[2019.03.02-23.40.58:334][155]LogSavePackage: Save=49.75ms
[2019.03.02-23.40.58:334][155]LogSavePackage: Moving '../../../../../../Users/linco/Documents/Unreal Projects/vista_mountains_01/Saved/VistaMountain_Pack_01A_BuiltDataA70DABC24ECF531C0B77E6BA1072214A.tmp' to '../../../../../../Users/linco/Documents/Unreal Projects/vista_mountains_01/Content/VistaMountain_Pack_01/Maps/VistaMountain_Pack_01A_BuiltData.uasset'
[2019.03.02-23.40.58:339][155]LogSavePackage: Display: Finished SavePackage ../../../../../../Users/linco/Documents/Unreal Projects/vista_mountains_01/Content/VistaMountain_Pack_01/Maps/VistaMountain_Pack_01A_BuiltData.uasset
[2019.03.02-23.41.18:859][713]LogSlate: Window 'vista_mountains_01 - Unreal Editor' being destroyed
[2019.03.02-23.41.18:861][713]LogWindowsTextInputMethodSystem: Display: IME system now deactivated.
[2019.03.02-23.41.19:055][714]Cmd: QUIT_EDITOR
[2019.03.02-23.41.19:091][714]LogSlate: Slate User Destroyed.  User Index 0, Is Virtual User: 0
[2019.03.02-23.41.19:091][714]LogExit: Preparing to exit.
[2019.03.02-23.41.19:709][714]LogDirectoryWatcher: A directory notification for 'C:/Users/linco/Documents/Unreal Projects/vista_mountains_01/Content/' was aborted.
[2019.03.02-23.41.19:726][714]LogExit: Editor shut down
[2019.03.02-23.41.19:731][714]LogExit: Transaction tracking system shut down
[2019.03.02-23.41.19:898][714]LogDirectoryWatcher: A directory notification for '../../../Engine/Content/' was aborted.
[2019.03.02-23.41.19:898][714]LogDirectoryWatcher: A directory notification for '../../../../../../Users/linco/Documents/Unreal Projects/vista_mountains_01/Content/' was aborted.
[2019.03.02-23.41.19:898][714]LogDirectoryWatcher: A directory notification for '../../Plugins/2D/Paper2D/Content/' was aborted.
[2019.03.02-23.41.19:898][714]LogDirectoryWatcher: A directory notification for '../../Plugins/Enterprise/DatasmithContent/Content/' was aborted.
[2019.03.02-23.41.19:899][714]LogDirectoryWatcher: A directory notification for '../../Plugins/Media/MediaCompositing/Content/' was aborted.
[2019.03.02-23.41.19:899][714]LogDirectoryWatcher: A directory notification for '../../Plugins/Runtime/AppleARKit/Content/' was aborted.
[2019.03.02-23.41.19:899][714]LogDirectoryWatcher: A directory notification for '../../Plugins/Runtime/Oculus/OculusVR/Content/' was aborted.
[2019.03.02-23.41.19:899][714]LogDirectoryWatcher: A directory notification for '../../Plugins/Runtime/Steam/SteamVR/Content/' was aborted.
[2019.03.02-23.41.19:977][714]LogExit: Object subsystem successfully closed.
[2019.03.02-23.41.19:999][714]LogShaderCompilers: Display: Shaders left to compile 0
[2019.03.02-23.41.20:005][714]LogD3D11RHI: Shutdown
[2019.03.02-23.41.20:005][714]LogD3D11RHI: CleanupD3DDevice
[2019.03.02-23.41.20:009][714]LogD3D11RHI: ~FD3D11DynamicRHI
[2019.03.02-23.41.20:035][714]LogModuleManager: Shutting down and abandoning module HierarchicalLODUtilities (576)
[2019.03.02-23.41.20:035][714]LogModuleManager: Shutting down and abandoning module HierarchicalLODOutliner (574)
[2019.03.02-23.41.20:035][714]LogModuleManager: Shutting down and abandoning module AddContentDialog (572)
[2019.03.02-23.41.20:035][714]LogDirectoryWatcher: A directory notification for 'C:/Program Files/Epic Games/UE_4.19/FeaturePacks/' was aborted.
[2019.03.02-23.41.20:037][714]LogModuleManager: Shutting down and abandoning module WidgetCarousel (571)
[2019.03.02-23.41.20:037][714]LogModuleManager: Shutting down and abandoning module EditorWidgets (568)
[2019.03.02-23.41.20:037][714]LogModuleManager: Shutting down and abandoning module CollectionManager (566)
[2019.03.02-23.41.20:037][714]LogDirectoryWatcher: A directory notification for 'C:/Users/linco/Documents/Unreal Projects/vista_mountains_01/Content/Collections/' was aborted.
[2019.03.02-23.41.20:037][714]LogDirectoryWatcher: A directory notification for 'C:/Users/linco/Documents/Unreal Projects/vista_mountains_01/Content/Developers/linco/Collections/' was aborted.
[2019.03.02-23.41.20:037][714]LogDirectoryWatcher: A directory notification for 'C:/Users/linco/Documents/Unreal Projects/vista_mountains_01/Saved/Collections/' was aborted.
[2019.03.02-23.41.20:037][714]LogModuleManager: Shutting down and abandoning module SceneOutliner (564)
[2019.03.02-23.41.20:037][714]LogModuleManager: Shutting down and abandoning module StatsViewer (562)
[2019.03.02-23.41.20:037][714]LogModuleManager: Shutting down and abandoning module FoliageEdit (560)
[2019.03.02-23.41.20:037][714]LogModuleManager: Shutting down and abandoning module LandscapeEditor (558)
[2019.03.02-23.41.20:037][714]LogModuleManager: Shutting down and abandoning module MeshPaintMode (556)
[2019.03.02-23.41.20:038][714]LogModuleManager: Shutting down and abandoning module SceneDepthPickerMode (554)
[2019.03.02-23.41.20:038][714]LogModuleManager: Shutting down and abandoning module ActorPickerMode (552)
[2019.03.02-23.41.20:038][714]LogModuleManager: Shutting down and abandoning module GeometryMode (550)
[2019.03.02-23.41.20:038][714]LogModuleManager: Shutting down and abandoning module TextureAlignMode (548)
[2019.03.02-23.41.20:038][714]LogModuleManager: Shutting down and abandoning module BspMode (546)
[2019.03.02-23.41.20:038][714]LogModuleManager: Shutting down and abandoning module PIEPreviewDeviceProfileSelector (544)
[2019.03.02-23.41.20:038][714]LogModuleManager: Shutting down and abandoning module HardwareSurvey (542)
[2019.03.02-23.41.20:038][714]LogModuleManager: Shutting down and abandoning module SequenceRecorderSections (540)
[2019.03.02-23.41.20:038][714]LogModuleManager: Shutting down and abandoning module AutomationWorker (538)
[2019.03.02-23.41.20:038][714]LogModuleManager: Shutting down and abandoning module AudioCaptureEditor (536)
[2019.03.02-23.41.20:038][714]LogModuleManager: Shutting down and abandoning module SequenceRecorder (535)
[2019.03.02-23.41.20:038][714]LogModuleManager: Shutting down and abandoning module MatineeToLevelSequence (532)
[2019.03.02-23.41.20:038][714]LogModuleManager: Shutting down and abandoning module LevelSequenceEditor (530)
[2019.03.02-23.41.20:038][714]LogModuleManager: Shutting down and abandoning module PlacementMode (529)
[2019.03.02-23.41.20:038][714]LogModuleManager: Shutting down and abandoning module MaterialEditor (528)
[2019.03.02-23.41.20:038][714]LogModuleManager: Shutting down and abandoning module WmfMediaFactory (524)
[2019.03.02-23.41.20:038][714]LogModuleManager: Shutting down and abandoning module WmfMediaEditor (522)
[2019.03.02-23.41.20:038][714]LogModuleManager: Shutting down and abandoning module MediaPlayerEditor (520)
[2019.03.02-23.41.20:038][714]LogModuleManager: Shutting down and abandoning module OpenExrWrapper (518)
[2019.03.02-23.41.20:038][714]LogModuleManager: Shutting down and abandoning module ImgMediaFactory (516)
[2019.03.02-23.41.20:039][714]LogModuleManager: Shutting down and abandoning module ImgMediaEditor (514)
[2019.03.02-23.41.20:039][714]LogModuleManager: Shutting down and abandoning module AvfMediaFactory (512)
[2019.03.02-23.41.20:039][714]LogModuleManager: Shutting down and abandoning module AvfMediaEditor (510)
[2019.03.02-23.41.20:039][714]LogModuleManager: Shutting down and abandoning module AndroidMediaFactory (508)
[2019.03.02-23.41.20:039][714]LogModuleManager: Shutting down and abandoning module AndroidMediaEditor (506)
[2019.03.02-23.41.20:039][714]LogModuleManager: Shutting down and abandoning module CharacterAI (504)
[2019.03.02-23.41.20:039][714]LogModuleManager: Shutting down and abandoning module SmartSnapping (502)
[2019.03.02-23.41.20:039][714]LogModuleManager: Shutting down and abandoning module SessionServices (500)
[2019.03.02-23.41.20:039][714]LogModuleManager: Shutting down and abandoning module ViewportSnapping (498)
[2019.03.02-23.41.20:039][714]LogModuleManager: Shutting down and abandoning module ViewportInteraction (496)
[2019.03.02-23.41.20:039][714]LogModuleManager: Shutting down and abandoning module ClothPainter (494)
[2019.03.02-23.41.20:039][714]LogModuleManager: Shutting down and abandoning module SkeletalMeshEditor (493)
[2019.03.02-23.41.20:039][714]LogModuleManager: Shutting down and abandoning module LogVisualizer (490)
[2019.03.02-23.41.20:039][714]LogModuleManager: Shutting down and abandoning module IntroTutorials (488)
[2019.03.02-23.41.20:039][714]LogModuleManager: Shutting down and abandoning module GameProjectGeneration (487)
[2019.03.02-23.41.20:039][714]LogModuleManager: Shutting down and abandoning module IOSPlatformEditor (484)
[2019.03.02-23.41.20:040][714]LogModuleManager: Shutting down and abandoning module HTML5PlatformEditor (482)
[2019.03.02-23.41.20:040][714]LogModuleManager: Shutting down and abandoning module AndroidPlatformEditor (480)
[2019.03.02-23.41.20:040][714]LogModuleManager: Shutting down and abandoning module AndroidDeviceDetection (479)
[2019.03.02-23.41.20:329][714]LogModuleManager: Shutting down and abandoning module WindowsPlatformEditor (476)
[2019.03.02-23.41.20:329][714]LogModuleManager: Shutting down and abandoning module IOSRuntimeSettings (474)
[2019.03.02-23.41.20:329][714]LogModuleManager: Shutting down and abandoning module AndroidRuntimeSettings (472)
[2019.03.02-23.41.20:329][714]LogModuleManager: Shutting down and abandoning module InputBindingEditor (470)
[2019.03.02-23.41.20:329][714]LogModuleManager: Shutting down and abandoning module MergeActors (468)
[2019.03.02-23.41.20:329][714]LogModuleManager: Shutting down and abandoning module LocalizationDashboard (466)
[2019.03.02-23.41.20:329][714]LogModuleManager: Shutting down and abandoning module LocalizationService (465)
[2019.03.02-23.41.20:329][714]LogModuleManager: Shutting down and abandoning module HardwareTargeting (462)
[2019.03.02-23.41.20:329][714]LogModuleManager: Shutting down and abandoning module DeviceProfileEditor (460)
[2019.03.02-23.41.20:329][714]LogModuleManager: Shutting down and abandoning module UndoHistory (458)
[2019.03.02-23.41.20:330][714]LogModuleManager: Shutting down and abandoning module XmlParser (456)
[2019.03.02-23.41.20:330][714]LogModuleManager: Shutting down and abandoning module Blutility (454)
[2019.03.02-23.41.20:330][714]LogModuleManager: Shutting down and abandoning module ProjectSettingsViewer (452)
[2019.03.02-23.41.20:330][714]LogModuleManager: Shutting down and abandoning module ProjectTargetPlatformEditor (451)
[2019.03.02-23.41.20:330][714]LogModuleManager: Shutting down and abandoning module EditorSettingsViewer (448)
[2019.03.02-23.41.20:330][714]LogModuleManager: Shutting down and abandoning module SettingsEditor (446)
[2019.03.02-23.41.20:330][714]LogModuleManager: Shutting down and abandoning module ProjectLauncher (444)
[2019.03.02-23.41.20:330][714]LogModuleManager: Shutting down and abandoning module SessionFrontend (442)
[2019.03.02-23.41.20:330][714]LogModuleManager: Shutting down and abandoning module ProfilerClient (440)
[2019.03.02-23.41.20:330][714]LogModuleManager: Shutting down and abandoning module DeviceManager (438)
[2019.03.02-23.41.20:330][714]LogModuleManager: Shutting down and abandoning module TargetDeviceServices (437)
[2019.03.02-23.41.20:385][714]LogModuleManager: Shutting down and abandoning module AutomationController (434)
[2019.03.02-23.41.20:385][714]LogModuleManager: Shutting down and abandoning module AutomationWindow (432)
[2019.03.02-23.41.20:385][714]LogModuleManager: Shutting down and abandoning module Layers (430)
[2019.03.02-23.41.20:385][714]LogModuleManager: Shutting down and abandoning module ComponentVisualizers (428)
[2019.03.02-23.41.20:385][714]LogModuleManager: Shutting down and abandoning module DetailCustomizations (426)
[2019.03.02-23.41.20:385][714]LogModuleManager: Shutting down and abandoning module PackagesDialog (424)
[2019.03.02-23.41.20:385][714]LogModuleManager: Shutting down and abandoning module Persona (422)
[2019.03.02-23.41.20:385][714]LogModuleManager: Shutting down and abandoning module AdvancedPreviewScene (421)
[2019.03.02-23.41.20:385][714]LogModuleManager: Shutting down and abandoning module AnimGraph (419)
[2019.03.02-23.41.20:385][714]LogModuleManager: Shutting down and abandoning module Kismet (416)
[2019.03.02-23.41.20:385][714]LogModuleManager: Shutting down and abandoning module GraphEditor (414)
[2019.03.02-23.41.20:385][714]LogModuleManager: Shutting down and abandoning module ClassViewer (412)
[2019.03.02-23.41.20:385][714]LogModuleManager: Shutting down and abandoning module Toolbox (410)
[2019.03.02-23.41.20:385][714]LogModuleManager: Shutting down and abandoning module ModuleUI (408)
[2019.03.02-23.41.20:385][714]LogModuleManager: Shutting down and abandoning module MovieSceneTools (406)
[2019.03.02-23.41.20:385][714]LogModuleManager: Shutting down and abandoning module OutputLog (404)
[2019.03.02-23.41.20:386][714]LogModuleManager: Shutting down and abandoning module GammaUI (402)
[2019.03.02-23.41.20:386][714]LogModuleManager: Shutting down and abandoning module Documentation (400)
[2019.03.02-23.41.20:386][714]LogModuleManager: Shutting down and abandoning module MovieSceneTracks (398)
[2019.03.02-23.41.20:386][714]LogModuleManager: Shutting down and abandoning module MovieScene (396)
[2019.03.02-23.41.20:386][714]LogModuleManager: Shutting down and abandoning module StreamingPauseRendering (394)
[2019.03.02-23.41.20:386][714]LogModuleManager: Shutting down and abandoning module LauncherPlatform (392)
[2019.03.02-23.41.20:386][714]LogModuleManager: Shutting down and abandoning module AnalyticsET (390)
[2019.03.02-23.41.20:386][714]LogModuleManager: Shutting down and abandoning module PortalServices (388)
[2019.03.02-23.41.20:386][714]LogModuleManager: Shutting down and abandoning module PortalRpc (386)
[2019.03.02-23.41.20:386][714]LogModuleManager: Shutting down and abandoning module MessagingRpc (384)
[2019.03.02-23.41.20:386][714]LogModuleManager: Shutting down and abandoning module AIModule (382)
[2019.03.02-23.41.20:386][714]LogModuleManager: Shutting down and abandoning module GameplayDebugger (381)
[2019.03.02-23.41.20:386][714]LogModuleManager: Shutting down and abandoning module AITestSuite (379)
[2019.03.02-23.41.20:386][714]LogModuleManager: Shutting down and abandoning module DesktopPlatform (376)
[2019.03.02-23.41.20:386][714]LogModuleManager: Shutting down and abandoning module ProfilerService (374)
[2019.03.02-23.41.20:602][714]LogModuleManager: Shutting down and abandoning module TaskGraph (372)
[2019.03.02-23.41.20:602][714]LogModuleManager: Shutting down and abandoning module SteamVRController (370)
[2019.03.02-23.41.20:602][714]LogModuleManager: Shutting down and abandoning module ProceduralMeshComponentEditor (368)
[2019.03.02-23.41.20:602][714]LogModuleManager: Shutting down and abandoning module ProceduralMeshComponent (366)
[2019.03.02-23.41.20:602][714]LogModuleManager: Shutting down and abandoning module OculusInput (364)
[2019.03.02-23.41.20:603][714]LogModuleManager: Shutting down and abandoning module MobilePatchingUtils (362)
[2019.03.02-23.41.20:603][714]LogModuleManager: Shutting down and abandoning module CustomMeshComponent (360)
[2019.03.02-23.41.20:603][714]LogModuleManager: Shutting down and abandoning module CableComponent (358)
[2019.03.02-23.41.20:603][714]LogModuleManager: Shutting down and abandoning module AudioCapture (356)
[2019.03.02-23.41.20:603][714]LogModuleManager: Shutting down and abandoning module ArchVisCharacter (354)
[2019.03.02-23.41.20:603][714]LogModuleManager: Shutting down and abandoning module AndroidPermission (352)
[2019.03.02-23.41.20:603][714]LogModuleManager: Shutting down and abandoning module NUTUnrealEngine4 (348)
[2019.03.02-23.41.20:603][714]LogModuleManager: Shutting down and abandoning module NetcodeUnitTest (346)
[2019.03.02-23.41.20:603][714]LogModuleManager: Shutting down and abandoning module MediaCompositingEditor (344)
[2019.03.02-23.41.20:603][714]LogModuleManager: Shutting down and abandoning module MediaCompositing (342)
[2019.03.02-23.41.20:603][714]LogModuleManager: Shutting down and abandoning module LinearTimecode (340)
[2019.03.02-23.41.20:603][714]LogModuleManager: Shutting down and abandoning module ImgMedia (338)
[2019.03.02-23.41.20:607][714]LogModuleManager: Shutting down and abandoning module HTML5Networking (336)
[2019.03.02-23.41.20:607][714]LogModuleManager: Shutting down and abandoning module AlembicImporter (334)
[2019.03.02-23.41.20:607][714]LogModuleManager: Shutting down and abandoning module AlembicLibrary (333)
[2019.03.02-23.41.20:607][714]LogModuleManager: Shutting down and abandoning module GeometryCache (332)
[2019.03.02-23.41.20:607][714]LogModuleManager: Shutting down and abandoning module GeometryCacheEd (331)
[2019.03.02-23.41.20:607][714]LogModuleManager: Shutting down and abandoning module DatasmithContent (326)
[2019.03.02-23.41.20:607][714]LogModuleManager: Shutting down and abandoning module SpeedTreeImporter (324)
[2019.03.02-23.41.20:607][714]LogModuleManager: Shutting down and abandoning module PluginBrowser (322)
[2019.03.02-23.41.20:607][714]LogModuleManager: Shutting down and abandoning module MobileLauncherProfileWizard (320)
[2019.03.02-23.41.20:607][714]LogModuleManager: Shutting down and abandoning module CryptoKeysOpenSSL (318)
[2019.03.02-23.41.20:607][714]LogModuleManager: Shutting down and abandoning module CryptoKeys (316)
[2019.03.02-23.41.20:607][714]LogModuleManager: Shutting down and abandoning module VisualStudioSourceCodeAccess (314)
[2019.03.02-23.41.20:607][714]LogModuleManager: Shutting down and abandoning module VisualStudioCodeSourceCodeAccess (312)
[2019.03.02-23.41.20:607][714]LogModuleManager: Shutting down and abandoning module UObjectPlugin (310)
[2019.03.02-23.41.20:607][714]LogModuleManager: Shutting down and abandoning module SubversionSourceControl (308)
[2019.03.02-23.41.20:607][714]LogModuleManager: Shutting down and abandoning module PerforceSourceControl (306)
[2019.03.02-23.41.20:607][714]LogModuleManager: Shutting down and abandoning module GitSourceControl (304)
[2019.03.02-23.41.20:607][714]LogModuleManager: Shutting down and abandoning module SourceControl (303)
[2019.03.02-23.41.20:608][714]LogModuleManager: Shutting down and abandoning module CLionSourceCodeAccess (300)
[2019.03.02-23.41.20:608][714]LogModuleManager: Shutting down and abandoning module LightPropagationVolumeEditor (298)
[2019.03.02-23.41.20:608][714]LogModuleManager: Shutting down and abandoning module PaperTiledImporter (296)
[2019.03.02-23.41.20:608][714]LogModuleManager: Shutting down and abandoning module PaperSpriteSheetImporter (294)
[2019.03.02-23.41.20:608][714]LogModuleManager: Shutting down and abandoning module Paper2DEditor (292)
[2019.03.02-23.41.20:608][714]LogModuleManager: Shutting down and abandoning module MeshPaint (291)
[2019.03.02-23.41.20:608][714]LogModuleManager: Shutting down and abandoning module RuntimePhysXCooking (288)
[2019.03.02-23.41.20:608][714]LogModuleManager: Shutting down and abandoning module PhysXVehiclesEditor (286)
[2019.03.02-23.41.20:608][714]LogModuleManager: Shutting down and abandoning module PhysXVehicles (284)
[2019.03.02-23.41.20:608][714]LogModuleManager: Shutting down and abandoning module OculusEditor (282)
[2019.03.02-23.41.20:608][714]LogModuleManager: Shutting down and abandoning module LocationServicesBPLibrary (280)
[2019.03.02-23.41.20:608][714]LogModuleManager: Shutting down and abandoning module ImmediatePhysicsEditor (278)
[2019.03.02-23.41.20:608][714]LogModuleManager: Shutting down and abandoning module ImmediatePhysics (276)
[2019.03.02-23.41.20:608][714]LogModuleManager: Shutting down and abandoning module ActorSequence (274)
[2019.03.02-23.41.20:608][714]LogModuleManager: Shutting down and abandoning module UdpMessaging (272)
[2019.03.02-23.41.20:709][714]LogModuleManager: Shutting down and abandoning module TcpMessaging (270)
[2019.03.02-23.41.20:810][714]LogModuleManager: Shutting down and abandoning module GameplayTagsEditor (268)
[2019.03.02-23.41.20:810][714]LogModuleManager: Shutting down and abandoning module FacialAnimationEditor (266)
[2019.03.02-23.41.20:810][714]LogModuleManager: Shutting down and abandoning module FacialAnimation (264)
[2019.03.02-23.41.20:810][714]LogModuleManager: Shutting down and abandoning module DataValidation (262)
[2019.03.02-23.41.20:810][714]LogModuleManager: Shutting down and abandoning module AssetManagerEditor (260)
[2019.03.02-23.41.20:810][714]LogModuleManager: Shutting down and abandoning module LevelEditor (259)
[2019.03.02-23.41.20:811][714]LogModuleManager: Shutting down and abandoning module PixelInspectorModule (258)
[2019.03.02-23.41.20:811][714]LogModuleManager: Shutting down and abandoning module CommonMenuExtensions (256)
[2019.03.02-23.41.20:811][714]LogModuleManager: Shutting down and abandoning module MainFrame (254)
[2019.03.02-23.41.20:811][714]LogModuleManager: Shutting down and abandoning module HotReload (253)
[2019.03.02-23.41.20:812][714]LogModuleManager: Shutting down and abandoning module ContentBrowser (249)
[2019.03.02-23.41.20:813][714]LogModuleManager: Shutting down and abandoning module TreeMap (247)
[2019.03.02-23.41.20:813][714]LogModuleManager: Shutting down and abandoning module LightPropagationVolumeRuntime (244)
[2019.03.02-23.41.20:813][714]LogModuleManager: Shutting down and abandoning module LiveLinkEditor (242)
[2019.03.02-23.41.20:813][714]LogModuleManager: Shutting down and abandoning module LiveLink (240)
[2019.03.02-23.41.21:116][714]LogModuleManager: Shutting down and abandoning module Paper2D (238)
[2019.03.02-23.41.21:116][714]LogModuleManager: Shutting down and abandoning module WindowsMoviePlayer (236)
[2019.03.02-23.41.21:116][714]LogModuleManager: Shutting down and abandoning module WmfMedia (234)
[2019.03.02-23.41.21:118][714]LogModuleManager: Shutting down and abandoning module Media (233)
[2019.03.02-23.41.21:124][714]LogModuleManager: Shutting down and abandoning module PacketHandler (230)
[2019.03.02-23.41.21:124][714]LogModuleManager: Shutting down and abandoning module ClothingSystemEditor (228)
[2019.03.02-23.41.21:124][714]LogModuleManager: Shutting down and abandoning module ClothingSystemRuntime (226)
[2019.03.02-23.41.21:125][714]LogModuleManager: Shutting down and abandoning module MediaAssets (224)
[2019.03.02-23.41.21:125][714]LogModuleManager: Shutting down and abandoning module Overlay (222)
[2019.03.02-23.41.21:125][714]LogModuleManager: Shutting down and abandoning module OverlayEditor (221)
[2019.03.02-23.41.21:125][714]LogModuleManager: Shutting down and abandoning module VREditor (218)
[2019.03.02-23.41.21:125][714]LogModuleManager: Shutting down and abandoning module StringTableEditor (216)
[2019.03.02-23.41.21:125][714]LogModuleManager: Shutting down and abandoning module GameplayTasksEditor (214)
[2019.03.02-23.41.21:125][714]LogModuleManager: Shutting down and abandoning module BehaviorTreeEditor (212)
[2019.03.02-23.41.21:125][714]LogModuleManager: Shutting down and abandoning module FunctionalTesting (210)
[2019.03.02-23.41.21:125][714]LogModuleManager: Shutting down and abandoning module CollisionAnalyzer (208)
[2019.03.02-23.41.21:125][714]LogModuleManager: Shutting down and abandoning module WorkspaceMenuStructure (207)
[2019.03.02-23.41.21:125][714]LogModuleManager: Shutting down and abandoning module UMG (204)
[2019.03.02-23.41.21:125][714]LogModuleManager: Shutting down and abandoning module UMGEditor (203)
[2019.03.02-23.41.21:125][714]LogModuleManager: Shutting down and abandoning module Sequencer (202)
[2019.03.02-23.41.21:126][714]LogModuleManager: Shutting down and abandoning module MessageLog (199)
[2019.03.02-23.41.21:126][714]LogModuleManager: Shutting down and abandoning module SlateReflector (194)
[2019.03.02-23.41.21:126][714]LogModuleManager: Shutting down and abandoning module Slate (192)
[2019.03.02-23.41.21:126][714]LogModuleManager: Shutting down and abandoning module EditorStyle (190)
[2019.03.02-23.41.21:129][714]LogModuleManager: Shutting down and abandoning module MRMesh (188)
[2019.03.02-23.41.21:129][714]LogModuleManager: Shutting down and abandoning module SourceCodeAccess (186)
[2019.03.02-23.41.21:129][714]LogModuleManager: Shutting down and abandoning module HeadMountedDisplay (184)
[2019.03.02-23.41.21:129][714]LogModuleManager: Shutting down and abandoning module XAudio2 (182)
[2019.03.02-23.41.21:129][714]LogModuleManager: Shutting down and abandoning module Networking (180)
[2019.03.02-23.41.21:129][714]LogModuleManager: Shutting down and abandoning module Core (178)
[2019.03.02-23.41.21:129][714]LogModuleManager: Shutting down and abandoning module LevelSequence (176)
[2019.03.02-23.41.21:129][714]LogModuleManager: Shutting down and abandoning module KismetCompiler (174)
[2019.03.02-23.41.21:129][714]LogModuleManager: Shutting down and abandoning module MeshUtilities (172)
[2019.03.02-23.41.21:129][714]LogModuleManager: Shutting down and abandoning module MeshMergeUtilities (171)
[2019.03.02-23.41.21:130][714]LogModuleManager: Shutting down and abandoning module MeshReductionInterface (170)
[2019.03.02-23.41.21:130][714]LogModuleManager: Shutting down and abandoning module SimplygonSwarm (169)
[2019.03.02-23.41.21:130][714]LogModuleManager: Shutting down and abandoning module SimplygonMeshReduction (167)
[2019.03.02-23.41.21:130][714]LogModuleManager: Shutting down and abandoning module QuadricMeshReduction (165)
[2019.03.02-23.41.21:130][714]LogModuleManager: Shutting down and abandoning module MaterialBaking (161)
[2019.03.02-23.41.21:130][714]LogModuleManager: Shutting down and abandoning module DirectoryWatcher (157)
[2019.03.02-23.41.21:131][714]LogModuleManager: Shutting down and abandoning module DerivedDataCache (154)
[2019.03.02-23.41.21:182][714]LogDerivedDataCache: Shutdown
[2019.03.02-23.41.21:182][714]LogModuleManager: Shutting down and abandoning module XGEController (152)
[2019.03.02-23.41.21:182][714]LogModuleManager: Shutting down and abandoning module TargetPlatform (150)
[2019.03.02-23.41.21:182][714]LogModuleManager: Shutting down and abandoning module VulkanShaderFormat (149)
[2019.03.02-23.41.21:182][714]LogModuleManager: Shutting down and abandoning module ShaderFormatVectorVM (147)
[2019.03.02-23.41.21:182][714]LogModuleManager: Shutting down and abandoning module ShaderFormatOpenGL (145)
[2019.03.02-23.41.21:182][714]LogModuleManager: Shutting down and abandoning module ShaderFormatD3D (143)
[2019.03.02-23.41.21:182][714]LogModuleManager: Shutting down and abandoning module MetalShaderFormat (141)
[2019.03.02-23.41.21:182][714]LogModuleManager: Shutting down and abandoning module TextureFormatUncompressed (139)
[2019.03.02-23.41.21:182][714]LogModuleManager: Shutting down and abandoning module TextureFormatPVR (137)
[2019.03.02-23.41.21:182][714]LogModuleManager: Shutting down and abandoning module TextureFormatDXT (135)
[2019.03.02-23.41.21:182][714]LogModuleManager: Shutting down and abandoning module TextureFormatIntelISPCTexComp (133)
[2019.03.02-23.41.21:182][714]LogModuleManager: Shutting down and abandoning module TextureFormatASTC (131)
[2019.03.02-23.41.21:183][714]LogModuleManager: Shutting down and abandoning module ImageWrapper (130)
[2019.03.02-23.41.21:183][714]LogModuleManager: Shutting down and abandoning module TextureFormatAndroid (127)
[2019.03.02-23.41.21:183][714]LogModuleManager: Shutting down and abandoning module AudioFormatOpus (125)
[2019.03.02-23.41.21:183][714]LogModuleManager: Shutting down and abandoning module AudioFormatOgg (123)
[2019.03.02-23.41.21:183][714]LogModuleManager: Shutting down and abandoning module AudioFormatADPCM (121)
[2019.03.02-23.41.21:183][714]LogModuleManager: Shutting down and abandoning module LinuxTargetPlatform (119)
[2019.03.02-23.41.21:183][714]LogModuleManager: Shutting down and abandoning module LinuxServerTargetPlatform (117)
[2019.03.02-23.41.21:183][714]LogModuleManager: Shutting down and abandoning module LinuxNoEditorTargetPlatform (115)
[2019.03.02-23.41.21:183][714]LogModuleManager: Shutting down and abandoning module LinuxClientTargetPlatform (113)
[2019.03.02-23.41.21:183][714]LogModuleManager: Shutting down and abandoning module TVOSTargetPlatform (111)
[2019.03.02-23.41.21:183][714]LogModuleManager: Shutting down and abandoning module Messaging (109)
[2019.03.02-23.41.21:183][714]LogModuleManager: Shutting down and abandoning module IOSTargetPlatform (107)
[2019.03.02-23.41.21:183][714]LogModuleManager: Shutting down and abandoning module HTML5TargetPlatform (105)
[2019.03.02-23.41.21:183][714]LogModuleManager: Shutting down and abandoning module AndroidTargetPlatform (103)
[2019.03.02-23.41.21:183][714]LogModuleManager: Shutting down and abandoning module Android_PVRTCTargetPlatform (101)
[2019.03.02-23.41.21:183][714]LogModuleManager: Shutting down and abandoning module Android_MultiTargetPlatform (99)
[2019.03.02-23.41.21:183][714]LogModuleManager: Shutting down and abandoning module Android_ETC2TargetPlatform (97)
[2019.03.02-23.41.21:183][714]LogModuleManager: Shutting down and abandoning module Android_ETC1TargetPlatform (95)
[2019.03.02-23.41.21:183][714]LogModuleManager: Shutting down and abandoning module Android_ETC1aTargetPlatform (93)
[2019.03.02-23.41.21:184][714]LogModuleManager: Shutting down and abandoning module Android_DXTTargetPlatform (91)
[2019.03.02-23.41.21:184][714]LogModuleManager: Shutting down and abandoning module Android_ATCTargetPlatform (89)
[2019.03.02-23.41.21:184][714]LogModuleManager: Shutting down and abandoning module Android_ASTCTargetPlatform (87)
[2019.03.02-23.41.21:184][714]LogModuleManager: Shutting down and abandoning module WindowsTargetPlatform (85)
[2019.03.02-23.41.21:184][714]LogModuleManager: Shutting down and abandoning module WindowsServerTargetPlatform (83)
[2019.03.02-23.41.21:184][714]LogModuleManager: Shutting down and abandoning module WindowsNoEditorTargetPlatform (81)
[2019.03.02-23.41.21:184][714]LogModuleManager: Shutting down and abandoning module WindowsClientTargetPlatform (79)
[2019.03.02-23.41.21:184][714]LogModuleManager: Shutting down and abandoning module MacTargetPlatform (77)
[2019.03.02-23.41.21:184][714]LogModuleManager: Shutting down and abandoning module MacServerTargetPlatform (75)
[2019.03.02-23.41.21:184][714]LogModuleManager: Shutting down and abandoning module MacNoEditorTargetPlatform (73)
[2019.03.02-23.41.21:184][714]LogModuleManager: Shutting down and abandoning module MacClientTargetPlatform (71)
[2019.03.02-23.41.21:184][714]LogModuleManager: Shutting down and abandoning module AllDesktopTargetPlatform (69)
[2019.03.02-23.41.21:184][714]LogModuleManager: Shutting down and abandoning module InputCore (66)
[2019.03.02-23.41.21:184][714]LogModuleManager: Shutting down and abandoning module Settings (64)
[2019.03.02-23.41.21:184][714]LogModuleManager: Shutting down and abandoning module PhysXCooking (62)
[2019.03.02-23.41.21:184][714]LogModuleManager: Shutting down and abandoning module SteamVR (60)
[2019.03.02-23.41.21:184][714]LogModuleManager: Shutting down and abandoning module OculusHMD (58)
[2019.03.02-23.41.21:185][714]LogModuleManager: Shutting down and abandoning module ExampleDeviceProfileSelector (56)
[2019.03.02-23.41.21:185][714]LogModuleManager: Shutting down and abandoning module AppleARKit (54)
[2019.03.02-23.41.21:185][714]LogModuleManager: Shutting down and abandoning module AugmentedReality (51)
[2019.03.02-23.41.21:185][714]LogModuleManager: Shutting down and abandoning module OnlineBlueprintSupport (48)
[2019.03.02-23.41.21:185][714]LogModuleManager: Shutting down and abandoning module OnlineSubsystem (44)
[2019.03.02-23.41.21:185][714]LogModuleManager: Shutting down and abandoning module XMPP (43)
[2019.03.02-23.41.21:185][714]LogModuleManager: Shutting down and abandoning module HTTP (41)
[2019.03.02-23.41.21:185][714]LogHttp: Display: Http module shutting down, but needs to wait on 1 outstanding Http requests:
[2019.03.02-23.41.21:185][714]LogHttp: Display: 	verb=[POST] url=[https://datarouter.ol.epicgames.com/datarouter/api/v1/public/data?SessionID=%7B4D820A18-4B07-4D3F-64B0-AEAD81EB1835%7D&AppID=UEEditor.Rocket.Release&AppVersion=4.19.2-4033788%2B%2B%2BUE4%2BRelease-4.19&UserID=beab2fed4605684dfa07b3943dd72a6a%7C6f8d2e631bfc46e099296923019451d9%7C4b5bd9e3-99b7-410b-9b15-43c783add680&AppEnvironment=datacollector-binary&UploadType=eteventstream] status=Processing
[2019.03.02-23.41.21:217][714]LogModuleManager: Shutting down and abandoning module SSL (40)
[2019.03.02-23.41.21:219][714]LogModuleManager: Shutting down and abandoning module AnimationModifiers (36)
[2019.03.02-23.41.21:219][714]LogModuleManager: Shutting down and abandoning module PropertyEditor (35)
[2019.03.02-23.41.21:219][714]LogModuleManager: Shutting down and abandoning module AudioEditor (32)
[2019.03.02-23.41.21:219][714]LogModuleManager: Shutting down and abandoning module TextureCompressor (30)
[2019.03.02-23.41.21:219][714]LogModuleManager: Shutting down and abandoning module ShaderCore (28)
[2019.03.02-23.41.21:219][714]LogModuleManager: Shutting down and abandoning module Landscape (26)
[2019.03.02-23.41.21:219][714]LogModuleManager: Shutting down and abandoning module SlateRHIRenderer (24)
[2019.03.02-23.41.21:220][714]LogModuleManager: Shutting down and abandoning module OpenGLDrv (22)
[2019.03.02-23.41.21:220][714]LogModuleManager: Shutting down and abandoning module D3D11RHI (20)
[2019.03.02-23.41.21:220][714]LogModuleManager: Shutting down and abandoning module AnimGraphRuntime (18)
[2019.03.02-23.41.21:220][714]LogModuleManager: Shutting down and abandoning module Renderer (16)
[2019.03.02-23.41.21:220][714]LogModuleManager: Shutting down and abandoning module Engine (14)
[2019.03.02-23.41.21:220][714]LogModuleManager: Shutting down and abandoning module CoreUObject (12)
[2019.03.02-23.41.21:220][714]LogModuleManager: Shutting down and abandoning module NetworkFile (10)
[2019.03.02-23.41.21:220][714]LogModuleManager: Shutting down and abandoning module CookedIterativeFile (8)
[2019.03.02-23.41.21:221][714]LogModuleManager: Shutting down and abandoning module StreamingFile (6)
[2019.03.02-23.41.21:221][714]LogModuleManager: Shutting down and abandoning module SandboxFile (4)
[2019.03.02-23.41.21:221][714]LogModuleManager: Shutting down and abandoning module PakFile (2)
[2019.03.02-23.41.21:228][714]LogExit: Exiting.
[2019.03.02-23.41.21:242][714]Log file closed, 03/02/19 18:41:21
